2023-11-24 16:47:46 - TShock: INFO: TShock 5.2.0.0 (Intensity) now running.
2023-11-24 16:47:46 - TShock: INFO: AutoSave Enabled
2023-11-24 16:47:46 - TShock: INFO: Backups Enabled
2023-11-24 16:47:46 - TShock: INFO: Welcome to TShock for Terraria!
2023-11-24 16:47:46 - TShock: INFO: TShock comes with no warranty & is free software.
2023-11-24 16:47:46 - TShock: INFO: You can modify & distribute it under the terms of the GNU GPLv3.
2023-11-24 16:52:06 - Utils: INFO: Broadcast: Saving world...
2023-11-24 16:55:58 - TShock: ERROR: !!! UUID login is enabled. If a user's UUID matches an account, the server password will be bypassed.
2023-11-24 16:55:58 - TShock: ERROR: !!! > Set DisableUUIDLogin to true in the config file and /reload if this is a problem.
2023-11-24 16:55:58 - TShock: ERROR: !!! Login before join is enabled. Existing accounts can login & the server password will be bypassed.
2023-11-24 16:55:58 - TShock: ERROR: !!! > Set DisableLoginBeforeJoin to true in the config file and /reload if this is a problem.
2023-11-24 16:55:58 - TShock: INFO: Login before join enabled. Users may be prompted for an account specific password instead of a server password on connect.
2023-11-24 16:55:58 - TShock: INFO: Login using UUID enabled. Users automatically login via UUID.
2023-11-24 16:55:58 - TShock: INFO: A malicious server can easily steal a user's UUID. You may consider turning this option off if you run a public server.
2023-11-24 16:56:52 - GetDataHandlers: INFO: Hori authenticated successfully as user Hori.
2023-11-24 16:56:52 - TShock: INFO: Hori (103.24.56.38) from 'default' group joined. (1/8)
2023-11-24 16:56:52 - Utils: INFO: Broadcast: Hori has joined.
2023-11-24 16:57:46 - Utils: INFO: Broadcast: Saving world...
2023-11-24 16:57:48 - Utils: INFO: Broadcast: World saved.
2023-11-24 16:57:48 - SaveManager: INFO: World saved at (tshock/backups/MAIN.wld.2023-11-24T09.57.46Z.bak)
2023-11-24 16:57:48 - BackupManager: INFO: World backed up (tshock/backups/MAIN.wld.2023-11-24T09.57.46Z.bak).
2023-11-24 16:59:56 - TShock: INFO: Yasa (103.24.56.38) from 'guest' group joined. (2/8)
2023-11-24 16:59:56 - Utils: INFO: Broadcast: Yasa has joined.
2023-11-24 17:00:17 - Utils: INFO: Yasa executed (args omitted): /login.
2023-11-24 17:00:18 - Commands: INFO: Yasa authenticated successfully as user: Yasa.
2023-11-24 17:05:20 - TShock: INFO: NgawiMusical (103.24.56.38) from 'guest' group joined. (3/8)
2023-11-24 17:05:20 - Utils: INFO: Broadcast: NgawiMusical has joined.
2023-11-24 17:05:39 - Utils: INFO: NgawiMusical executed (args omitted): /login.
2023-11-24 17:05:40 - Commands: INFO: NgawiMusical authenticated successfully as user: NgawiMusical.
2023-11-24 17:06:51 - Utils: INFO: Broadcast: Saving world...
2023-11-24 17:07:46 - Utils: INFO: Broadcast: Saving world...
2023-11-24 17:07:48 - Utils: INFO: Broadcast: World saved.
2023-11-24 17:07:48 - SaveManager: INFO: World saved at (tshock/backups/MAIN.wld.2023-11-24T10.07.46Z.bak)
2023-11-24 17:07:48 - BackupManager: INFO: World backed up (tshock/backups/MAIN.wld.2023-11-24T10.07.46Z.bak).
2023-11-24 17:11:04 - Utils: INFO: Broadcast: Yasa has left.
2023-11-24 17:11:04 - TShock: INFO: Yasa disconnected.
2023-11-24 17:11:28 - Utils: INFO: Broadcast: Hori has left.
2023-11-24 17:11:28 - TShock: INFO: Hori disconnected.
2023-11-24 17:14:33 - GetDataHandlers: INFO: Hori authenticated successfully as user Hori.
2023-11-24 17:14:33 - TShock: INFO: Hori (103.24.56.38) from 'default' group joined. (2/8)
2023-11-24 17:14:33 - Utils: INFO: Broadcast: Hori has joined.
2023-11-24 17:16:14 - Utils: INFO: Broadcast: Hori has left.
2023-11-24 17:16:14 - TShock: INFO: Hori disconnected.
2023-11-24 17:16:36 - GetDataHandlers: INFO: Hori authenticated successfully as user Hori.
2023-11-24 17:16:36 - TShock: INFO: Hori (103.24.56.38) from 'default' group joined. (2/8)
2023-11-24 17:16:36 - Utils: INFO: Broadcast: Hori has joined.
2023-11-24 17:16:51 - Utils: INFO: Broadcast: Saving world...
2023-11-24 17:17:46 - Utils: INFO: Broadcast: Saving world...
2023-11-24 17:17:48 - Utils: INFO: Broadcast: World saved.
2023-11-24 17:17:48 - StartHelper: INFO: World saved at (tshock/backups/MAIN.wld.2023-11-24T10.17.46Z.bak)
2023-11-24 17:17:48 - BackupManager: INFO: World backed up (tshock/backups/MAIN.wld.2023-11-24T10.17.46Z.bak).
2023-11-24 17:20:15 - TShock: INFO: Broadcast: NgawiMusical has left.
2023-11-24 17:20:15 - HandlerCollection`1: INFO: NgawiMusical disconnected.
2023-11-24 17:20:16 - TShock: INFO: Broadcast: Hori has left.
2023-11-24 17:20:16 - HandlerCollection`1: INFO: Hori disconnected.
2023-11-24 17:20:16 - Utils: INFO: Broadcast: Saving world...
2023-11-24 17:20:18 - SaveManager: INFO: Broadcast: World saved.
2023-11-24 17:20:18 - StartHelper: INFO: World saved at (/root/.local/share/Terraria/Worlds/MAIN.wld)
