2023-12-04 08:59:19 - TShock: INFO: TShock was improperly shut down. Please use the exit command in the future to prevent this.
2023-12-04 08:59:19 - TShock: INFO: TShock 5.2.0.0 (Intensity) now running.
2023-12-04 08:59:20 - TShock: INFO: AutoSave Enabled
2023-12-04 08:59:20 - TShock: INFO: Backups Enabled
2023-12-04 08:59:20 - TShock: INFO: Welcome to TShock for Terraria!
2023-12-04 08:59:20 - TShock: INFO: TShock comes with no warranty & is free software.
2023-12-04 08:59:20 - TShock: INFO: You can modify & distribute it under the terms of the GNU GPLv3.
2023-12-04 08:59:54 - TShock: ERROR: !!! UUID login is enabled. If a user's UUID matches an account, the server password will be bypassed.
2023-12-04 08:59:54 - TShock: ERROR: !!! > Set DisableUUIDLogin to true in the config file and /reload if this is a problem.
2023-12-04 08:59:54 - TShock: ERROR: !!! Login before join is enabled. Existing accounts can login & the server password will be bypassed.
2023-12-04 08:59:54 - TShock: ERROR: !!! > Set DisableLoginBeforeJoin to true in the config file and /reload if this is a problem.
2023-12-04 08:59:54 - TShock: INFO: Login before join enabled. Users may be prompted for an account specific password instead of a server password on connect.
2023-12-04 08:59:54 - TShock: INFO: Login using UUID enabled. Users automatically login via UUID.
2023-12-04 08:59:54 - TShock: INFO: A malicious server can easily steal a user's UUID. You may consider turning this option off if you run a public server.
2023-12-04 09:00:33 - Utils: INFO: Server executed: /give 29 Yasa 10.
2023-12-04 09:01:09 - GetDataHandlers: INFO: Yasa authenticated successfully as user Yasa.
2023-12-04 09:01:10 - TShock: INFO: Yasa (182.1.103.63) from 'default' group joined. (1/8)
2023-12-04 09:01:10 - Utils: INFO: Broadcast: Yasa has joined.
2023-12-04 09:01:23 - Utils: INFO: Yasa executed (args omitted): /login.
2023-12-04 09:02:26 - Utils: INFO: Server executed: /give.
2023-12-04 09:02:46 - TShock: INFO: Shutting down safely. To force shutdown, send SIGINT (CTRL + C) again.
2023-12-04 09:02:46 - Utils: INFO: Broadcast: Saving world...
2023-12-04 09:02:49 - Utils: INFO: Broadcast: World saved.
2023-12-04 09:02:49 - SaveManager: INFO: World saved at (/root/.local/share/Terraria/Worlds/TRI_M.wld)
2023-12-04 09:02:50 - Utils: INFO: Broadcast: Server console interrupted!
2023-12-04 09:02:50 - Utils: INFO: Broadcast: Saving world...
