2023-11-26 13:10:22 - TShock: INFO: TShock was improperly shut down. Please use the exit command in the future to prevent this.
2023-11-26 13:10:22 - TShock: INFO: TShock 5.2.0.0 (Intensity) now running.
2023-11-26 13:10:22 - TShock: INFO: AutoSave Enabled
2023-11-26 13:10:22 - TShock: INFO: Backups Enabled
2023-11-26 13:10:22 - TShock: INFO: Welcome to TShock for Terraria!
2023-11-26 13:10:22 - TShock: INFO: TShock comes with no warranty & is free software.
2023-11-26 13:10:22 - TShock: INFO: You can modify & distribute it under the terms of the GNU GPLv3.
2023-11-26 13:10:48 - TShock: ERROR: !!! UUID login is enabled. If a user's UUID matches an account, the server password will be bypassed.
2023-11-26 13:10:48 - TShock: ERROR: !!! > Set DisableUUIDLogin to true in the config file and /reload if this is a problem.
2023-11-26 13:10:48 - TShock: ERROR: !!! Login before join is enabled. Existing accounts can login & the server password will be bypassed.
2023-11-26 13:10:48 - TShock: ERROR: !!! > Set DisableLoginBeforeJoin to true in the config file and /reload if this is a problem.
2023-11-26 13:10:48 - TShock: INFO: Login before join enabled. Users may be prompted for an account specific password instead of a server password on connect.
2023-11-26 13:10:48 - TShock: INFO: Login using UUID enabled. Users automatically login via UUID.
2023-11-26 13:10:48 - TShock: INFO: A malicious server can easily steal a user's UUID. You may consider turning this option off if you run a public server.
2023-11-26 13:11:07 - GetDataHandlers: INFO: nop authenticated successfully as user nop.
2023-11-26 13:11:08 - TShock: INFO: nop (104.28.215.133) from 'default' group joined. (1/8)
2023-11-26 13:11:08 - Utils: INFO: Broadcast: nop has joined.
2023-11-26 13:11:19 - Utils: INFO: Broadcast: nop has left.
2023-11-26 13:11:19 - TShock: INFO: nop disconnected.
2023-11-26 13:11:19 - Utils: INFO: Broadcast: Saving world...
2023-11-26 13:11:20 - Utils: INFO: Broadcast: World saved.
2023-11-26 13:11:20 - SaveManager: INFO: World saved at (/root/.local/share/Terraria/Worlds/TRIPENS.wld)
2023-11-26 13:14:18 - TShock: INFO: Shutting down safely. To force shutdown, send SIGINT (CTRL + C) again.
2023-11-26 13:14:18 - Utils: INFO: Broadcast: Saving world...
2023-11-26 13:14:19 - Utils: INFO: Broadcast: World saved.
2023-11-26 13:14:19 - SaveManager: INFO: World saved at (/root/.local/share/Terraria/Worlds/TRIPENS.wld)
2023-11-26 13:14:19 - Utils: INFO: Broadcast: Server console interrupted!
2023-11-26 13:14:19 - Utils: INFO: Broadcast: Saving world...
