2023-12-04 09:03:00 - TShock: INFO: TShock 5.2.0.0 (Intensity) now running.
2023-12-04 09:03:01 - TShock: INFO: AutoSave Enabled
2023-12-04 09:03:01 - TShock: INFO: Backups Enabled
2023-12-04 09:03:01 - TShock: INFO: Welcome to TShock for Terraria!
2023-12-04 09:03:01 - TShock: INFO: TShock comes with no warranty & is free software.
2023-12-04 09:03:01 - TShock: INFO: You can modify & distribute it under the terms of the GNU GPLv3.
2023-12-04 09:03:41 - TShock: ERROR: !!! UUID login is enabled. If a user's UUID matches an account, the server password will be bypassed.
2023-12-04 09:03:41 - TShock: ERROR: !!! > Set DisableUUIDLogin to true in the config file and /reload if this is a problem.
2023-12-04 09:03:41 - TShock: ERROR: !!! Login before join is enabled. Existing accounts can login & the server password will be bypassed.
2023-12-04 09:03:41 - TShock: ERROR: !!! > Set DisableLoginBeforeJoin to true in the config file and /reload if this is a problem.
2023-12-04 09:03:41 - TShock: INFO: Login before join enabled. Users may be prompted for an account specific password instead of a server password on connect.
2023-12-04 09:03:41 - TShock: INFO: Login using UUID enabled. Users automatically login via UUID.
2023-12-04 09:03:41 - TShock: INFO: A malicious server can easily steal a user's UUID. You may consider turning this option off if you run a public server.
2023-12-04 09:03:48 - GetDataHandlers: INFO: Yasa authenticated successfully as user Yasa.
2023-12-04 09:03:50 - TShock: INFO: Yasa (182.1.103.63) from 'default' group joined. (1/8)
2023-12-04 09:03:50 - Utils: INFO: Broadcast: Yasa has joined.
2023-12-04 09:07:48 - Utils: INFO: Broadcast: Yasa has left.
2023-12-04 09:07:48 - TShock: INFO: Yasa disconnected.
2023-12-04 09:07:48 - Utils: INFO: Broadcast: Saving world...
2023-12-04 09:07:49 - Utils: INFO: Broadcast: World saved.
2023-12-04 09:07:49 - SaveManager: INFO: World saved at (/root/.local/share/Terraria/Worlds/TRI_M.wld)
2023-12-04 09:10:24 - TShock: INFO: Shutting down safely. To force shutdown, send SIGINT (CTRL + C) again.
2023-12-04 09:10:24 - Utils: INFO: Broadcast: Saving world...
2023-12-04 09:10:26 - Utils: INFO: Broadcast: World saved.
2023-12-04 09:10:26 - SaveManager: INFO: World saved at (/root/.local/share/Terraria/Worlds/TRI_M.wld)
2023-12-04 09:10:26 - Utils: INFO: Broadcast: Server console interrupted!
2023-12-04 09:10:26 - Utils: INFO: Broadcast: Saving world...
