2023-11-21 17:40:31 - TShock: INFO: TShock was improperly shut down. Please use the exit command in the future to prevent this.
2023-11-21 17:40:31 - TShock: INFO: TShock 5.2.0.0 (Intensity) now running.
2023-11-21 17:40:31 - TShock: INFO: AutoSave Enabled
2023-11-21 17:40:31 - TShock: INFO: Backups Enabled
2023-11-21 17:40:31 - TShock: INFO: Welcome to TShock for Terraria!
2023-11-21 17:40:31 - TShock: INFO: TShock comes with no warranty & is free software.
2023-11-21 17:40:31 - TShock: INFO: You can modify & distribute it under the terms of the GNU GPLv3.
2023-11-21 17:41:06 - TShock: ERROR: !!! UUID login is enabled. If a user's UUID matches an account, the server password will be bypassed.
2023-11-21 17:41:06 - TShock: ERROR: !!! > Set DisableUUIDLogin to true in the config file and /reload if this is a problem.
2023-11-21 17:41:06 - TShock: ERROR: !!! Login before join is enabled. Existing accounts can login & the server password will be bypassed.
2023-11-21 17:41:06 - TShock: ERROR: !!! > Set DisableLoginBeforeJoin to true in the config file and /reload if this is a problem.
2023-11-21 17:41:06 - TShock: INFO: Login before join enabled. Users may be prompted for an account specific password instead of a server password on connect.
2023-11-21 17:41:06 - TShock: INFO: Login using UUID enabled. Users automatically login via UUID.
2023-11-21 17:41:06 - TShock: INFO: A malicious server can easily steal a user's UUID. You may consider turning this option off if you run a public server.
2023-11-21 17:42:02 - TShock: INFO: SuperAdmin disconnected.
2023-11-21 17:42:02 - TSPlayer: INFO: Kicked SuperAdmin for : 'Invalid server password.'
2023-11-21 17:42:11 - TShock: INFO: SuperAdmin (182.1.97.17) from 'guest' group joined. (1/8)
2023-11-21 17:42:11 - Utils: INFO: Broadcast: SuperAdmin has joined.
2023-11-21 17:42:31 - Utils: INFO: SuperAdmin executed: /setup 4128177.
2023-11-21 17:42:51 - Utils: INFO: SuperAdmin executed: /setup 4128177.
2023-11-21 17:42:58 - Utils: INFO: SuperAdmin executed: /setup.
2023-11-21 17:43:23 - Utils: INFO: SuperAdmin executed: /setup 4128177.
2023-11-21 17:44:09 - Utils: INFO: Broadcast: SuperAdmin has left.
2023-11-21 17:44:09 - TShock: INFO: SuperAdmin disconnected.
2023-11-21 17:44:09 - Utils: INFO: Broadcast: Saving world...
2023-11-21 17:44:11 - Utils: INFO: Broadcast: World saved.
2023-11-21 17:44:11 - SaveManager: INFO: World saved at (/root/.local/share/Terraria/Worlds/main.wld)
2023-11-21 17:44:22 - TShock: INFO: NgawiMusical (114.79.17.57) from 'guest' group joined. (1/8)
2023-11-21 17:44:22 - Utils: INFO: Broadcast: NgawiMusical has joined.
2023-11-21 17:44:34 - Utils: INFO: NgawiMusical executed (args omitted): /login.
2023-11-21 17:44:43 - Utils: INFO: NgawiMusical executed (args omitted): /register.
2023-11-21 17:45:05 - Utils: INFO: NgawiMusical executed: /help.
2023-11-21 17:45:21 - Utils: INFO: NgawiMusical executed (args omitted): /register.
2023-11-21 17:45:43 - Utils: INFO: NgawiMusical executed (args omitted): /register.
2023-11-21 17:45:51 - Utils: INFO: NgawiMusical executed (args omitted): /register.
2023-11-21 17:45:51 - Commands: INFO: NgawiMusical registered an account: "NgawiMusical".
2023-11-21 17:46:39 - Utils: INFO: NgawiMusical executed (args omitted): /login.
2023-11-21 17:46:39 - Commands: INFO: NgawiMusical authenticated successfully as user: NgawiMusical.
2023-11-21 17:46:43 - TShock: INFO: nop (103.24.56.38) from 'guest' group joined. (2/8)
2023-11-21 17:46:43 - Utils: INFO: Broadcast: nop has joined.
2023-11-21 17:46:57 - Utils: INFO: Broadcast: nop has left.
2023-11-21 17:46:57 - TShock: INFO: nop disconnected.
2023-11-21 17:47:15 - TShock: INFO: nop (103.24.56.38) from 'guest' group joined. (2/8)
2023-11-21 17:47:15 - Utils: INFO: Broadcast: nop has joined.
2023-11-21 17:47:23 - Utils: INFO: nop executed (args omitted): /register.
2023-11-21 17:47:24 - Commands: INFO: nop registered an account: "nop".
2023-11-21 17:48:04 - Utils: INFO: nop executed (args omitted): /login.
2023-11-21 17:48:04 - Commands: INFO: nop authenticated successfully as user: nop.
2023-11-21 17:50:19 - Utils: INFO: Broadcast: nop has left.
2023-11-21 17:50:19 - TShock: INFO: nop disconnected.
2023-11-21 17:50:31 - Utils: INFO: Broadcast: Saving world...
2023-11-21 17:50:33 - SaveManager: INFO: Broadcast: World saved.
2023-11-21 17:50:33 - StartHelper: INFO: World saved at (tshock/backups/main.wld.2023-11-21T10.50.31Z.bak)
2023-11-21 17:50:33 - BackupManager: INFO: World backed up (tshock/backups/main.wld.2023-11-21T10.50.31Z.bak).
2023-11-21 17:51:47 - TShock: INFO: Shutting down safely. To force shutdown, send SIGINT (CTRL + C) again.
2023-11-21 17:51:47 - Utils: INFO: Broadcast: Saving world...
2023-11-21 17:51:50 - SaveManager: INFO: Broadcast: World saved.
2023-11-21 17:51:50 - StartHelper: INFO: World saved at (/root/.local/share/Terraria/Worlds/main.wld)
2023-11-21 17:51:50 - TShock: INFO: Broadcast: NgawiMusical has left.
2023-11-21 17:51:50 - HandlerCollection`1: INFO: NgawiMusical disconnected.
2023-11-21 17:51:50 - Utils: INFO: Broadcast: Saving world...
2023-11-21 17:51:50 - Utils: INFO: Broadcast: Server console interrupted!
2023-11-21 17:51:50 - Utils: INFO: Broadcast: Saving world...
2023-11-21 17:51:51 - SaveManager: INFO: Broadcast: World saved.
2023-11-21 17:51:51 - StartHelper: INFO: World saved at (/root/.local/share/Terraria/Worlds/main.wld)
