2023-11-21 17:52:37 - TShock: INFO: TShock 5.2.0.0 (Intensity) now running.
2023-11-21 17:52:37 - TShock: INFO: AutoSave Enabled
2023-11-21 17:52:37 - TShock: INFO: Backups Enabled
2023-11-21 17:52:37 - TShock: INFO: Welcome to TShock for Terraria!
2023-11-21 17:52:37 - TShock: INFO: TShock comes with no warranty & is free software.
2023-11-21 17:52:37 - TShock: INFO: You can modify & distribute it under the terms of the GNU GPLv3.
2023-11-21 17:53:28 - TShock: ERROR: !!! UUID login is enabled. If a user's UUID matches an account, the server password will be bypassed.
2023-11-21 17:53:28 - TShock: ERROR: !!! > Set DisableUUIDLogin to true in the config file and /reload if this is a problem.
2023-11-21 17:53:28 - TShock: ERROR: !!! Login before join is enabled. Existing accounts can login & the server password will be bypassed.
2023-11-21 17:53:28 - TShock: ERROR: !!! > Set DisableLoginBeforeJoin to true in the config file and /reload if this is a problem.
2023-11-21 17:53:28 - TShock: INFO: Login before join enabled. Users may be prompted for an account specific password instead of a server password on connect.
2023-11-21 17:53:28 - TShock: INFO: Login using UUID enabled. Users automatically login via UUID.
2023-11-21 17:53:28 - TShock: INFO: A malicious server can easily steal a user's UUID. You may consider turning this option off if you run a public server.
2023-11-21 17:53:29 - TShock: INFO: An account has been detected in the user database, but setup-code.txt is still present.
2023-11-21 17:53:29 - TShock: INFO: TShock will now disable the initial setup system and remove setup-code.txt as it is no longer needed.
2023-11-21 17:53:52 - GetDataHandlers: INFO: NgawiMusical authenticated successfully as user NgawiMusical.
2023-11-21 17:53:52 - TShock: INFO: NgawiMusical (114.79.17.57) from 'default' group joined. (1/8)
2023-11-21 17:53:52 - Utils: INFO: Broadcast: NgawiMusical has joined.
2023-11-21 17:54:05 - TShock: INFO: Yasa (103.24.56.38) from 'guest' group joined. (2/8)
2023-11-21 17:54:05 - Utils: INFO: Broadcast: Yasa has joined.
2023-11-21 17:54:10 - GetDataHandlers: INFO: nop authenticated successfully as user nop.
2023-11-21 17:54:11 - TShock: INFO: nop (103.24.56.38) from 'default' group joined. (3/8)
2023-11-21 17:54:11 - Utils: INFO: Broadcast: nop has joined.
2023-11-21 17:54:28 - Utils: INFO: Yasa executed (args omitted): /register.
2023-11-21 17:54:39 - Utils: INFO: Yasa executed (args omitted): /register.
2023-11-21 17:54:39 - Commands: INFO: Yasa registered an account: "Yasa".
2023-11-21 17:54:51 - Utils: INFO: Yasa executed (args omitted): /login.
2023-11-21 17:54:51 - Commands: INFO: Yasa authenticated successfully as user: Yasa.
2023-11-21 17:58:03 - Utils: INFO: Broadcast: Yasa has left.
2023-11-21 17:58:03 - TShock: INFO: Yasa disconnected.
2023-11-21 18:02:37 - Utils: INFO: Broadcast: Saving world...
2023-11-21 18:02:40 - Utils: INFO: Broadcast: World saved.
2023-11-21 18:02:40 - SaveManager: INFO: World saved at (tshock/backups/main.wld.2023-11-21T11.02.37Z.bak)
2023-11-21 18:02:40 - BackupManager: INFO: World backed up (tshock/backups/main.wld.2023-11-21T11.02.37Z.bak).
2023-11-21 18:03:51 - Utils: INFO: Broadcast: Saving world...
2023-11-21 18:06:30 - Utils: INFO: Broadcast: NgawiMusical has left.
2023-11-21 18:06:30 - TShock: INFO: NgawiMusical disconnected.
2023-11-21 18:06:41 - GetDataHandlers: INFO: NgawiMusical authenticated successfully as user NgawiMusical.
2023-11-21 18:06:41 - TShock: INFO: NgawiMusical (114.79.17.57) from 'default' group joined. (2/8)
2023-11-21 18:06:41 - Utils: INFO: Broadcast: NgawiMusical has joined.
2023-11-21 18:08:21 - TShock: INFO: Gungna disconnected.
2023-11-21 18:10:02 - TShock: INFO: Gungna (103.24.56.38) from 'guest' group joined. (3/8)
2023-11-21 18:10:02 - Utils: INFO: Broadcast: Gungna has joined.
2023-11-21 18:10:21 - Utils: INFO: Gungna executed (args omitted): /register.
2023-11-21 18:10:23 - TShock: INFO: White (182.1.97.17) from 'guest' group joined. (4/8)
2023-11-21 18:10:23 - Utils: INFO: Broadcast: White has joined.
2023-11-21 18:10:43 - Utils: INFO: Gungna executed (args omitted): /register.
2023-11-21 18:10:43 - Commands: INFO: Gungna registered an account: "Gungna".
2023-11-21 18:10:49 - Utils: INFO: White executed (args omitted): /login.
2023-11-21 18:10:49 - Commands: WARNING: 182.1.97.17 failed to authenticate as user: Yasa.
2023-11-21 18:10:57 - Utils: INFO: White executed (args omitted): /login.
2023-11-21 18:10:57 - Commands: INFO: White authenticated successfully as user: Yasa.
2023-11-21 18:10:59 - Utils: INFO: Gungna executed (args omitted): /login.
2023-11-21 18:10:59 - Commands: WARNING: 103.24.56.38 failed to authenticate as user: Gungna.
2023-11-21 18:11:08 - Utils: INFO: Gungna executed (args omitted): /login.
2023-11-21 18:11:08 - Commands: INFO: Gungna authenticated successfully as user: Gungna.
2023-11-21 18:11:59 - Utils: INFO: Broadcast: White has left.
2023-11-21 18:11:59 - TShock: INFO: White disconnected.
2023-11-21 18:12:37 - Utils: INFO: Broadcast: Saving world...
2023-11-21 18:12:40 - SaveManager: INFO: Broadcast: World saved.
2023-11-21 18:12:40 - StartHelper: INFO: World saved at (tshock/backups/main.wld.2023-11-21T11.12.37Z.bak)
2023-11-21 18:12:40 - BackupManager: INFO: World backed up (tshock/backups/main.wld.2023-11-21T11.12.37Z.bak).
2023-11-21 18:13:51 - Utils: INFO: Broadcast: Saving world...
2023-11-21 18:15:51 - HandlerCollection`1: INFO: Yasa (103.24.56.38) from 'guest' group joined. (4/8)
2023-11-21 18:15:51 - Utils: INFO: Broadcast: Yasa has joined.
2023-11-21 18:16:05 - Commands: INFO: Yasa executed (args omitted): /login.
2023-11-21 18:16:05 - Commands: INFO: Yasa authenticated successfully as user: Yasa.
2023-11-21 18:16:16 - TShock: INFO: Broadcast: Gungna has left.
2023-11-21 18:16:16 - HandlerCollection`1: INFO: Gungna disconnected.
2023-11-21 18:17:08 - GetDataHandlers: INFO: Gungna authenticated successfully as user Gungna.
2023-11-21 18:17:08 - HandlerCollection`1: INFO: Gungna (103.24.56.38) from 'default' group joined. (4/8)
2023-11-21 18:17:08 - Utils: INFO: Broadcast: Gungna has joined.
2023-11-21 18:18:35 - TShock: INFO: Broadcast: NgawiMusical has left.
2023-11-21 18:18:35 - HandlerCollection`1: INFO: NgawiMusical disconnected.
2023-11-21 18:18:41 - GetDataHandlers: INFO: NgawiMusical authenticated successfully as user NgawiMusical.
2023-11-21 18:18:42 - HandlerCollection`1: INFO: NgawiMusical (114.79.17.57) from 'default' group joined. (4/8)
2023-11-21 18:18:42 - Utils: INFO: Broadcast: NgawiMusical has joined.
2023-11-21 18:21:13 - TShock: INFO: Broadcast: Yasa has left.
2023-11-21 18:21:13 - HandlerCollection`1: INFO: Yasa disconnected.
2023-11-21 18:21:17 - GetDataHandlers: INFO: Yasa authenticated successfully as user Yasa.
2023-11-21 18:21:20 - HandlerCollection`1: INFO: Yasa (103.24.56.38) from 'default' group joined. (4/8)
2023-11-21 18:21:20 - Utils: INFO: Broadcast: Yasa has joined.
2023-11-21 18:22:30 - HandlerCollection`1: INFO: Hori (103.24.56.38) from 'guest' group joined. (5/8)
2023-11-21 18:22:30 - Utils: INFO: Broadcast: Hori has joined.
2023-11-21 18:22:37 - Utils: INFO: Broadcast: Saving world...
2023-11-21 18:22:40 - SaveManager: INFO: Broadcast: World saved.
2023-11-21 18:22:40 - StartHelper: INFO: World saved at (tshock/backups/main.wld.2023-11-21T11.22.37Z.bak)
2023-11-21 18:22:40 - BackupManager: INFO: World backed up (tshock/backups/main.wld.2023-11-21T11.22.37Z.bak).
2023-11-21 18:23:51 - Utils: INFO: Broadcast: Saving world...
2023-11-21 18:23:53 - TShock: INFO: Broadcast: Hori has left.
2023-11-21 18:23:53 - HandlerCollection`1: INFO: Hori disconnected.
2023-11-21 18:24:31 - HandlerCollection`1: INFO: Hori (103.24.56.38) from 'guest' group joined. (5/8)
2023-11-21 18:24:31 - Utils: INFO: Broadcast: Hori has joined.
2023-11-21 18:24:37 - Commands: INFO: Hori executed (args omitted): /login.
2023-11-21 18:24:38 - TShock: INFO: Broadcast: NgawiMusical has left.
2023-11-21 18:24:38 - HandlerCollection`1: INFO: NgawiMusical disconnected.
2023-11-21 18:24:44 - GetDataHandlers: INFO: NgawiMusical authenticated successfully as user NgawiMusical.
2023-11-21 18:24:45 - HandlerCollection`1: INFO: NgawiMusical (114.79.17.57) from 'default' group joined. (5/8)
2023-11-21 18:24:45 - Utils: INFO: Broadcast: NgawiMusical has joined.
2023-11-21 18:24:48 - Commands: INFO: Hori executed (args omitted): /register.
2023-11-21 18:24:57 - Commands: INFO: Hori executed (args omitted): /register.
2023-11-21 18:24:57 - Commands: INFO: Hori registered an account: "Hori".
2023-11-21 18:25:08 - Commands: INFO: Hori executed (args omitted): /login.
2023-11-21 18:25:08 - Commands: INFO: Hori authenticated successfully as user: Hori.
2023-11-21 18:32:37 - Utils: INFO: Broadcast: Saving world...
2023-11-21 18:32:40 - StartHelper: INFO: Broadcast: World saved.
2023-11-21 18:32:40 - StartHelper: INFO: World saved at (tshock/backups/main.wld.2023-11-21T11.32.37Z.bak)
2023-11-21 18:32:40 - BackupManager: INFO: World backed up (tshock/backups/main.wld.2023-11-21T11.32.37Z.bak).
2023-11-21 18:32:49 - Commands: INFO: Yasa tried to execute /kick hori.
2023-11-21 18:33:51 - SaveManager: INFO: Broadcast: Saving world...
2023-11-21 18:36:54 - HandlerCollection`1: INFO: Broadcast: Hori has left.
2023-11-21 18:36:54 - HandlerCollection`1: INFO: Hori disconnected.
2023-11-21 18:38:17 - HandlerCollection`1: INFO: Broadcast: nop has left.
2023-11-21 18:38:17 - HandlerCollection`1: INFO: nop disconnected.
2023-11-21 18:38:22 - GetDataHandlers: INFO: nop authenticated successfully as user nop.
2023-11-21 18:38:23 - HandlerCollection`1: INFO: nop (103.24.56.38) from 'default' group joined. (4/8)
2023-11-21 18:38:23 - TShock: INFO: Broadcast: nop has joined.
2023-11-21 18:38:31 - HandlerCollection`1: INFO: Broadcast: Gungna has left.
2023-11-21 18:38:31 - HandlerCollection`1: INFO: Gungna disconnected.
2023-11-21 18:38:31 - HandlerCollection`1: INFO: Broadcast: NgawiMusical has left.
2023-11-21 18:38:31 - HandlerCollection`1: INFO: NgawiMusical disconnected.
2023-11-21 18:38:36 - GetDataHandlers: INFO: NgawiMusical authenticated successfully as user NgawiMusical.
2023-11-21 18:38:37 - HandlerCollection`1: INFO: Broadcast: NgawiMusical has left.
2023-11-21 18:38:37 - HandlerCollection`1: INFO: NgawiMusical disconnected.
2023-11-21 18:38:39 - GetDataHandlers: INFO: Gungna authenticated successfully as user Gungna.
2023-11-21 18:38:39 - HandlerCollection`1: INFO: Gungna (103.24.56.38) from 'default' group joined. (3/8)
2023-11-21 18:38:39 - TShock: INFO: Broadcast: Gungna has joined.
2023-11-21 18:38:41 - GetDataHandlers: INFO: NgawiMusical authenticated successfully as user NgawiMusical.
2023-11-21 18:38:42 - HandlerCollection`1: INFO: NgawiMusical (114.79.17.57) from 'default' group joined. (4/8)
2023-11-21 18:38:42 - TShock: INFO: Broadcast: NgawiMusical has joined.
2023-11-21 18:40:22 - GetDataHandlers: INFO: Hori authenticated successfully as user Hori.
2023-11-21 18:40:23 - HandlerCollection`1: INFO: Hori (103.24.56.38) from 'default' group joined. (5/8)
2023-11-21 18:40:23 - TShock: INFO: Broadcast: Hori has joined.
2023-11-21 18:42:37 - SaveManager: INFO: Broadcast: Saving world...
2023-11-21 18:42:40 - StartHelper: INFO: Broadcast: World saved.
2023-11-21 18:42:40 - StartHelper: INFO: World saved at (tshock/backups/main.wld.2023-11-21T11.42.37Z.bak)
2023-11-21 18:42:40 - BackupManager: INFO: World backed up (tshock/backups/main.wld.2023-11-21T11.42.37Z.bak).
2023-11-21 18:43:51 - SaveManager: INFO: Broadcast: Saving world...
2023-11-21 18:44:46 - HandlerCollection`1: INFO: Broadcast: NgawiMusical has left.
2023-11-21 18:44:46 - HandlerCollection`1: INFO: NgawiMusical disconnected.
2023-11-21 18:44:52 - GetDataHandlers: INFO: NgawiMusical authenticated successfully as user NgawiMusical.
2023-11-21 18:44:53 - HandlerCollection`1: INFO: NgawiMusical (114.79.17.57) from 'default' group joined. (5/8)
2023-11-21 18:44:53 - TShock: INFO: Broadcast: NgawiMusical has joined.
2023-11-21 18:44:54 - HandlerCollection`1: INFO: Broadcast: Gungna has left.
2023-11-21 18:44:54 - HandlerCollection`1: INFO: Gungna disconnected.
2023-11-21 18:46:07 - HandlerCollection`1: INFO: Gungna Classic (103.24.56.38) from 'guest' group joined. (5/8)
2023-11-21 18:46:07 - TShock: INFO: Broadcast: Gungna Classic has joined.
2023-11-21 18:46:22 - Commands: INFO: Gungna Classic executed (args omitted): /register.
2023-11-21 18:46:22 - Commands: INFO: Gungna Classic registered an account: "Gungna Classic".
2023-11-21 18:46:29 - Commands: INFO: Gungna Classic executed (args omitted): /login.
2023-11-21 18:46:29 - Commands: INFO: Gungna Classic authenticated successfully as user: Gungna Classic.
2023-11-21 18:46:37 - HandlerCollection`1: INFO: Broadcast: Gungna Classic has left.
2023-11-21 18:46:37 - HandlerCollection`1: INFO: Gungna Classic disconnected.
2023-11-21 18:46:42 - GetDataHandlers: INFO: Gungna Classic authenticated successfully as user Gungna Classic.
2023-11-21 18:46:43 - HandlerCollection`1: INFO: Gungna Classic (103.24.56.38) from 'default' group joined. (5/8)
2023-11-21 18:46:43 - TShock: INFO: Broadcast: Gungna Classic has joined.
2023-11-21 18:47:01 - TSPlayer: INFO: Player nop has been disabled for Reached TileKill threshold..
2023-11-21 18:47:55 - HandlerCollection`1: INFO: Broadcast: NgawiMusical has left.
2023-11-21 18:47:55 - HandlerCollection`1: INFO: NgawiMusical disconnected.
2023-11-21 18:48:01 - GetDataHandlers: INFO: NgawiMusical authenticated successfully as user NgawiMusical.
2023-11-21 18:48:02 - HandlerCollection`1: INFO: NgawiMusical (114.79.17.57) from 'default' group joined. (5/8)
2023-11-21 18:48:02 - TShock: INFO: Broadcast: NgawiMusical has joined.
2023-11-21 18:49:43 - Commands: INFO: Hori executed (args omitted): /logout.
2023-11-21 18:49:51 - Commands: INFO: Hori executed (args omitted): /login.
2023-11-21 18:49:51 - Command: INFO: Hori authenticated successfully as user: Hori.
2023-11-21 18:50:00 - HandlerCollection`1: INFO: Broadcast: Hori has left.
2023-11-21 18:50:00 - HandlerCollection`1: INFO: Hori disconnected.
2023-11-21 18:50:06 - GetDataHandlers: INFO: Hori authenticated successfully as user Hori.
2023-11-21 18:50:07 - HandlerCollection`1: INFO: Hori (103.24.56.38) from 'default' group joined. (5/8)
2023-11-21 18:50:07 - TShock: INFO: Broadcast: Hori has joined.
2023-11-21 18:52:11 - HandlerCollection`1: INFO: Broadcast: NgawiMusical has left.
2023-11-21 18:52:11 - HandlerCollection`1: INFO: NgawiMusical disconnected.
2023-11-21 18:52:19 - GetDataHandlers: INFO: NgawiMusical authenticated successfully as user NgawiMusical.
2023-11-21 18:52:20 - HandlerCollection`1: INFO: NgawiMusical (114.79.17.57) from 'default' group joined. (5/8)
2023-11-21 18:52:20 - TShock: INFO: Broadcast: NgawiMusical has joined.
2023-11-21 18:52:37 - SaveManager: INFO: Broadcast: Saving world...
2023-11-21 18:52:40 - StartHelper: INFO: Broadcast: World saved.
2023-11-21 18:52:40 - StartHelper: INFO: World saved at (tshock/backups/main.wld.2023-11-21T11.52.37Z.bak)
2023-11-21 18:52:40 - BackupManager: INFO: World backed up (tshock/backups/main.wld.2023-11-21T11.52.37Z.bak).
2023-11-21 18:53:51 - SaveManager: INFO: Broadcast: Saving world...
2023-11-21 18:55:12 - Commands: INFO: Server executed: /ban Hori.
2023-11-21 18:56:57 - Bouncer: INFO: Player NgawiMusical has been disabled for Reached TileKill threshold..
2023-11-21 18:57:39 - HandlerCollection`1: INFO: Broadcast: nop has left.
2023-11-21 18:57:39 - HandlerCollection`1: INFO: nop disconnected.
2023-11-21 18:57:45 - GetDataHandlers: INFO: nop authenticated successfully as user nop.
2023-11-21 18:57:45 - HandlerCollection`1: INFO: nop (103.24.56.38) from 'default' group joined. (5/8)
2023-11-21 18:57:45 - TShock: INFO: Broadcast: nop has joined.
2023-11-21 18:58:01 - HandlerCollection`1: INFO: Broadcast: NgawiMusical has left.
2023-11-21 18:58:01 - HandlerCollection`1: INFO: NgawiMusical disconnected.
2023-11-21 18:58:04 - GetDataHandlers: INFO: NgawiMusical authenticated successfully as user NgawiMusical.
2023-11-21 18:58:05 - HandlerCollection`1: INFO: NgawiMusical (114.79.17.57) from 'default' group joined. (5/8)
2023-11-21 18:58:05 - TShock: INFO: Broadcast: NgawiMusical has joined.
2023-11-21 18:59:12 - HandlerCollection`1: INFO: Broadcast: Yasa has left.
2023-11-21 18:59:12 - HandlerCollection`1: INFO: Yasa disconnected.
2023-11-21 18:59:15 - HandlerCollection`1: INFO: Broadcast: nop has left.
2023-11-21 18:59:15 - HandlerCollection`1: INFO: nop disconnected.
2023-11-21 18:59:22 - HandlerCollection`1: INFO: Broadcast: NgawiMusical has left.
2023-11-21 18:59:22 - HandlerCollection`1: INFO: NgawiMusical disconnected.
2023-11-21 18:59:28 - HandlerCollection`1: INFO: Broadcast: Gungna Classic has left.
2023-11-21 18:59:28 - HandlerCollection`1: INFO: Gungna Classic disconnected.
2023-11-21 18:59:29 - HandlerCollection`1: INFO: Broadcast: Hori has left.
2023-11-21 18:59:29 - HandlerCollection`1: INFO: Hori disconnected.
2023-11-21 18:59:29 - SaveManager: INFO: Broadcast: Saving world...
2023-11-21 18:59:30 - StartHelper: INFO: Broadcast: World saved.
2023-11-21 18:59:30 - StartHelper: INFO: World saved at (/root/.local/share/Terraria/Worlds/main.wld)
2023-11-21 19:01:59 - HandlerCollection`1: INFO: White disconnected.
2023-11-21 19:01:59 - GetDataHandlers: INFO: Kicked White for : 'Invalid server password.'
2023-11-21 19:02:12 - HandlerCollection`1: INFO: White (182.1.97.17) from 'guest' group joined. (1/8)
2023-11-21 19:02:12 - TShock: INFO: Broadcast: White has joined.
2023-11-21 19:02:28 - Commands: INFO: White executed (args omitted): /login.
2023-11-21 19:02:37 - SaveManager: INFO: Broadcast: Saving world...
2023-11-21 19:02:40 - StartHelper: INFO: Broadcast: World saved.
2023-11-21 19:02:40 - StartHelper: INFO: World saved at (tshock/backups/main.wld.2023-11-21T12.02.37Z.bak)
2023-11-21 19:02:40 - BackupManager: INFO: World backed up (tshock/backups/main.wld.2023-11-21T12.02.37Z.bak).
2023-11-21 19:02:54 - Commands: INFO: White executed (args omitted): /login.
2023-11-21 19:02:54 - Command: INFO: White authenticated successfully as user: NgawiMusical.
2023-11-21 19:03:18 - HandlerCollection`1: INFO: Broadcast: White has left.
2023-11-21 19:03:18 - HandlerCollection`1: INFO: White disconnected.
2023-11-21 19:03:18 - SaveManager: INFO: Broadcast: Saving world...
2023-11-21 19:03:20 - StartHelper: INFO: Broadcast: World saved.
2023-11-21 19:03:20 - StartHelper: INFO: World saved at (/root/.local/share/Terraria/Worlds/main.wld)
2023-11-21 19:03:20 - HandlerCollection`1: INFO: ooo (182.1.97.17) from 'guest' group joined. (1/8)
2023-11-21 19:03:20 - TShock: INFO: Broadcast: ooo has joined.
2023-11-21 19:03:30 - Commands: INFO: ooo executed (args omitted): /login.
2023-11-21 19:03:30 - Command: INFO: ooo authenticated successfully as user: Yasa.
2023-11-21 19:06:25 - SaveManager: INFO: Broadcast: Saving world...
2023-11-21 19:07:06 - HandlerCollection`1: INFO: Broadcast: ooo has left.
2023-11-21 19:07:06 - HandlerCollection`1: INFO: ooo disconnected.
2023-11-21 19:07:06 - SaveManager: INFO: Broadcast: Saving world...
2023-11-21 19:07:08 - StartHelper: INFO: Broadcast: World saved.
2023-11-21 19:07:08 - StartHelper: INFO: World saved at (/root/.local/share/Terraria/Worlds/main.wld)
2023-11-21 19:22:14 - SaveManager: INFO: Broadcast: Saving world...
2023-11-21 19:22:17 - StartHelper: INFO: Broadcast: World saved.
2023-11-21 19:22:17 - StartHelper: INFO: World saved at (tshock/backups/main.wld.2023-11-21T12.22.14Z.bak)
2023-11-21 19:22:17 - BackupManager: INFO: World backed up (tshock/backups/main.wld.2023-11-21T12.22.14Z.bak).
2023-11-21 19:22:20 - HandlerCollection`1: INFO: White (182.1.97.17) from 'guest' group joined. (1/8)
2023-11-21 19:22:20 - TShock: INFO: Broadcast: White has joined.
2023-11-21 19:23:36 - <CheckForUpdatesAsync>d__4: WARNING: UpdateManager warning: System.Threading.Tasks.TaskCanceledException: The request was canceled due to the configured HttpClient.Timeout of 5 seconds elapsing.
 ---> System.TimeoutException: A task was canceled.
 ---> System.Threading.Tasks.TaskCanceledException: A task was canceled.
   at System.Threading.Tasks.TaskCompletionSourceWithCancellation`1.WaitWithCancellationAsync(CancellationToken cancellationToken)
   at System.Net.Http.HttpConnectionPool.GetHttp11ConnectionAsync(HttpRequestMessage request, Boolean async, CancellationToken cancellationToken)
   at System.Net.Http.HttpConnectionPool.SendWithVersionDetectionAndRetryAsync(HttpRequestMessage request, Boolean async, Boolean doRequestAuth, CancellationToken cancellationToken)
   at System.Net.Http.RedirectHandler.SendAsync(HttpRequestMessage request, Boolean async, CancellationToken cancellationToken)
   at System.Net.Http.HttpClient.<SendAsync>g__Core|83_0(HttpRequestMessage request, HttpCompletionOption completionOption, CancellationTokenSource cts, Boolean disposeCts, CancellationTokenSource pendingRequestsCts, CancellationToken originalCancellationToken)
   --- End of inner exception stack trace ---
   --- End of inner exception stack trace ---
   at System.Net.Http.HttpClient.HandleFailure(Exception e, Boolean telemetryStarted, HttpResponseMessage response, CancellationTokenSource cts, CancellationToken cancellationToken, CancellationTokenSource pendingRequestsCts)
   at System.Net.Http.HttpClient.<SendAsync>g__Core|83_0(HttpRequestMessage request, HttpCompletionOption completionOption, CancellationTokenSource cts, Boolean disposeCts, CancellationTokenSource pendingRequestsCts, CancellationToken originalCancellationToken)
   at TShockAPI.UpdateManager.ServerIsOutOfDateAsync() in /home/runner/work/TShock/TShock/TShockAPI/UpdateManager.cs:line 112
   at TShockAPI.UpdateManager.UpdateCheckAsync(Object o) in /home/runner/work/TShock/TShock/TShockAPI/UpdateManager.cs:line 99
   at TShockAPI.UpdateManager.CheckForUpdatesAsync(Object state) in /home/runner/work/TShock/TShock/TShockAPI/UpdateManager.cs:line 74
2023-11-21 19:23:36 - <CheckForUpdatesAsync>d__4: ERROR: Retrying in 5 minutes.
2023-11-21 19:24:09 - HandlerCollection`1: INFO: Broadcast: White has left.
2023-11-21 19:24:09 - HandlerCollection`1: INFO: White disconnected.
2023-11-21 19:24:09 - SaveManager: INFO: Broadcast: Saving world...
2023-11-21 19:24:11 - StartHelper: INFO: Broadcast: World saved.
2023-11-21 19:24:11 - StartHelper: INFO: World saved at (/root/.local/share/Terraria/Worlds/main.wld)
2023-11-21 19:26:06 - HandlerCollection`1: INFO: White (182.1.97.17) from 'guest' group joined. (1/8)
2023-11-21 19:26:06 - TShock: INFO: Broadcast: White has joined.
2023-11-21 19:26:25 - Commands: INFO: White executed (args omitted): /login.
2023-11-21 19:26:25 - Command: INFO: White authenticated successfully as user: Yasa.
2023-11-21 19:30:45 - HandlerCollection`1: INFO: Broadcast: White has left.
2023-11-21 19:30:45 - HandlerCollection`1: INFO: White disconnected.
2023-11-21 19:30:45 - SaveManager: INFO: Broadcast: Saving world...
2023-11-21 19:30:46 - StartHelper: INFO: Broadcast: World saved.
2023-11-21 19:30:46 - StartHelper: INFO: World saved at (/root/.local/share/Terraria/Worlds/main.wld)
2023-11-21 19:37:29 - SaveManager: INFO: Broadcast: Saving world...
2023-11-21 19:37:32 - StartHelper: INFO: Broadcast: World saved.
2023-11-21 19:37:32 - StartHelper: INFO: World saved at (tshock/backups/main.wld.2023-11-21T12.37.29Z.bak)
2023-11-21 19:37:32 - BackupManager: INFO: World backed up (tshock/backups/main.wld.2023-11-21T12.37.29Z.bak).
2023-11-21 19:37:34 - HandlerCollection`1: INFO: ooo (182.1.97.17) from 'guest' group joined. (1/8)
2023-11-21 19:37:34 - TShock: INFO: Broadcast: ooo has joined.
2023-11-21 19:37:50 - Commands: INFO: ooo executed (args omitted): /login.
2023-11-21 19:37:50 - Command: INFO: ooo authenticated successfully as user: Yasa.
2023-11-21 19:40:08 - SaveManager: INFO: Broadcast: Saving world...
2023-11-21 19:40:38 - HandlerCollection`1: INFO: Broadcast: ooo has left.
2023-11-21 19:40:38 - HandlerCollection`1: INFO: ooo disconnected.
2023-11-21 19:40:38 - SaveManager: INFO: Broadcast: Saving world...
2023-11-21 19:40:40 - StartHelper: INFO: Broadcast: World saved.
2023-11-21 19:40:40 - StartHelper: INFO: World saved at (/root/.local/share/Terraria/Worlds/main.wld)
2023-11-21 19:41:31 - HandlerCollection`1: INFO: ooo (182.1.97.17) from 'guest' group joined. (1/8)
2023-11-21 19:41:31 - TShock: INFO: Broadcast: ooo has joined.
2023-11-21 19:41:54 - GetDataHandlers: INFO: Yasa authenticated successfully as user Yasa.
2023-11-21 19:41:55 - HandlerCollection`1: INFO: Yasa (182.1.97.17) from 'default' group joined. (2/8)
2023-11-21 19:41:55 - TShock: INFO: Broadcast: Yasa has joined.
2023-11-21 19:41:56 - HandlerCollection`1: INFO: Broadcast: ooo has left.
2023-11-21 19:41:56 - HandlerCollection`1: INFO: ooo disconnected.
2023-11-21 19:46:52 - HandlerCollection`1: INFO: Broadcast: Yasa has left.
2023-11-21 19:46:52 - HandlerCollection`1: INFO: Yasa disconnected.
2023-11-21 19:46:52 - SaveManager: INFO: Broadcast: Saving world...
2023-11-21 19:46:54 - StartHelper: INFO: Broadcast: World saved.
2023-11-21 19:46:54 - StartHelper: INFO: World saved at (/root/.local/share/Terraria/Worlds/main.wld)
2023-11-21 20:45:44 - SaveManager: INFO: Broadcast: Saving world...
2023-11-21 20:45:47 - StartHelper: INFO: Broadcast: World saved.
2023-11-21 20:45:47 - StartHelper: INFO: World saved at (tshock/backups/main.wld.2023-11-21T13.45.44Z.bak)
2023-11-21 20:45:47 - BackupManager: INFO: World backed up (tshock/backups/main.wld.2023-11-21T13.45.44Z.bak).
2023-11-21 20:45:49 - HandlerCollection`1: INFO: ooo (104.28.215.135) from 'guest' group joined. (1/8)
2023-11-21 20:45:49 - TShock: INFO: Broadcast: ooo has joined.
2023-11-21 20:46:08 - Commands: INFO: ooo executed (args omitted): /login.
2023-11-21 20:46:08 - Command: INFO: ooo authenticated successfully as user: Yasa.
2023-11-21 20:49:47 - SaveManager: INFO: Broadcast: Saving world...
2023-11-21 20:51:45 - HandlerCollection`1: INFO: Broadcast: ooo has left.
2023-11-21 20:51:45 - HandlerCollection`1: INFO: ooo disconnected.
2023-11-21 20:51:45 - SaveManager: INFO: Broadcast: Saving world...
2023-11-21 20:51:47 - StartHelper: INFO: Broadcast: World saved.
2023-11-21 20:51:47 - StartHelper: INFO: World saved at (/root/.local/share/Terraria/Worlds/main.wld)
2023-11-21 21:00:17 - SaveManager: INFO: Broadcast: Saving world...
2023-11-21 21:00:20 - StartHelper: INFO: Broadcast: World saved.
2023-11-21 21:00:20 - StartHelper: INFO: World saved at (tshock/backups/main.wld.2023-11-21T14.00.17Z.bak)
2023-11-21 21:00:20 - BackupManager: INFO: World backed up (tshock/backups/main.wld.2023-11-21T14.00.17Z.bak).
2023-11-21 21:00:22 - HandlerCollection`1: INFO: ooo (104.28.215.135) from 'guest' group joined. (1/8)
2023-11-21 21:00:22 - TShock: INFO: Broadcast: ooo has joined.
2023-11-21 21:00:35 - Commands: INFO: ooo executed (args omitted): /login.
2023-11-21 21:00:35 - Command: INFO: ooo authenticated successfully as user: Yasa.
2023-11-21 21:05:07 - HandlerCollection`1: INFO: Broadcast: ooo has left.
2023-11-21 21:05:07 - HandlerCollection`1: INFO: ooo disconnected.
2023-11-21 21:05:07 - SaveManager: INFO: Broadcast: Saving world...
2023-11-21 21:05:09 - StartHelper: INFO: Broadcast: World saved.
2023-11-21 21:05:09 - StartHelper: INFO: World saved at (/root/.local/share/Terraria/Worlds/main.wld)
2023-11-22 02:58:57 - <CheckForUpdatesAsync>d__4: WARNING: UpdateManager warning: System.Threading.Tasks.TaskCanceledException: The request was canceled due to the configured HttpClient.Timeout of 5 seconds elapsing.
 ---> System.TimeoutException: A task was canceled.
 ---> System.Threading.Tasks.TaskCanceledException: A task was canceled.
   at System.Threading.Tasks.TaskCompletionSourceWithCancellation`1.WaitWithCancellationAsync(CancellationToken cancellationToken)
   at System.Net.Http.HttpConnectionPool.GetHttp11ConnectionAsync(HttpRequestMessage request, Boolean async, CancellationToken cancellationToken)
   at System.Net.Http.HttpConnectionPool.SendWithVersionDetectionAndRetryAsync(HttpRequestMessage request, Boolean async, Boolean doRequestAuth, CancellationToken cancellationToken)
   at System.Net.Http.RedirectHandler.SendAsync(HttpRequestMessage request, Boolean async, CancellationToken cancellationToken)
   at System.Net.Http.HttpClient.<SendAsync>g__Core|83_0(HttpRequestMessage request, HttpCompletionOption completionOption, CancellationTokenSource cts, Boolean disposeCts, CancellationTokenSource pendingRequestsCts, CancellationToken originalCancellationToken)
   --- End of inner exception stack trace ---
   --- End of inner exception stack trace ---
   at System.Net.Http.HttpClient.HandleFailure(Exception e, Boolean telemetryStarted, HttpResponseMessage response, CancellationTokenSource cts, CancellationToken cancellationToken, CancellationTokenSource pendingRequestsCts)
   at System.Net.Http.HttpClient.<SendAsync>g__Core|83_0(HttpRequestMessage request, HttpCompletionOption completionOption, CancellationTokenSource cts, Boolean disposeCts, CancellationTokenSource pendingRequestsCts, CancellationToken originalCancellationToken)
   at TShockAPI.UpdateManager.ServerIsOutOfDateAsync() in /home/runner/work/TShock/TShock/TShockAPI/UpdateManager.cs:line 133
   at TShockAPI.UpdateManager.UpdateCheckAsync(Object o) in /home/runner/work/TShock/TShock/TShockAPI/UpdateManager.cs:line 104
   at TShockAPI.UpdateManager.CheckForUpdatesAsync(Object state) in /home/runner/work/TShock/TShock/TShockAPI/UpdateManager.cs:line 90
2023-11-22 02:58:57 - <CheckForUpdatesAsync>d__4: ERROR: Retrying in 5 minutes.
2023-11-22 04:34:04 - <CheckForUpdatesAsync>d__4: WARNING: UpdateManager warning: System.Threading.Tasks.TaskCanceledException: The request was canceled due to the configured HttpClient.Timeout of 5 seconds elapsing.
 ---> System.TimeoutException: A task was canceled.
 ---> System.Threading.Tasks.TaskCanceledException: A task was canceled.
   at System.Threading.Tasks.TaskCompletionSourceWithCancellation`1.WaitWithCancellationAsync(CancellationToken cancellationToken)
   at System.Net.Http.HttpConnectionPool.GetHttp11ConnectionAsync(HttpRequestMessage request, Boolean async, CancellationToken cancellationToken)
   at System.Net.Http.HttpConnectionPool.SendWithVersionDetectionAndRetryAsync(HttpRequestMessage request, Boolean async, Boolean doRequestAuth, CancellationToken cancellationToken)
   at System.Net.Http.RedirectHandler.SendAsync(HttpRequestMessage request, Boolean async, CancellationToken cancellationToken)
   at System.Net.Http.HttpClient.<SendAsync>g__Core|83_0(HttpRequestMessage request, HttpCompletionOption completionOption, CancellationTokenSource cts, Boolean disposeCts, CancellationTokenSource pendingRequestsCts, CancellationToken originalCancellationToken)
   --- End of inner exception stack trace ---
   --- End of inner exception stack trace ---
   at System.Net.Http.HttpClient.HandleFailure(Exception e, Boolean telemetryStarted, HttpResponseMessage response, CancellationTokenSource cts, CancellationToken cancellationToken, CancellationTokenSource pendingRequestsCts)
   at System.Net.Http.HttpClient.<SendAsync>g__Core|83_0(HttpRequestMessage request, HttpCompletionOption completionOption, CancellationTokenSource cts, Boolean disposeCts, CancellationTokenSource pendingRequestsCts, CancellationToken originalCancellationToken)
   at TShockAPI.UpdateManager.ServerIsOutOfDateAsync() in /home/runner/work/TShock/TShock/TShockAPI/UpdateManager.cs:line 133
   at TShockAPI.UpdateManager.UpdateCheckAsync(Object o) in /home/runner/work/TShock/TShock/TShockAPI/UpdateManager.cs:line 104
   at TShockAPI.UpdateManager.CheckForUpdatesAsync(Object state) in /home/runner/work/TShock/TShock/TShockAPI/UpdateManager.cs:line 90
2023-11-22 04:34:04 - <CheckForUpdatesAsync>d__4: ERROR: Retrying in 5 minutes.
2023-11-22 09:09:18 - <CheckForUpdatesAsync>d__4: WARNING: UpdateManager warning: System.Threading.Tasks.TaskCanceledException: The request was canceled due to the configured HttpClient.Timeout of 5 seconds elapsing.
 ---> System.TimeoutException: A task was canceled.
 ---> System.Threading.Tasks.TaskCanceledException: A task was canceled.
   at System.Threading.Tasks.TaskCompletionSourceWithCancellation`1.WaitWithCancellationAsync(CancellationToken cancellationToken)
   at System.Net.Http.HttpConnectionPool.GetHttp11ConnectionAsync(HttpRequestMessage request, Boolean async, CancellationToken cancellationToken)
   at System.Net.Http.HttpConnectionPool.SendWithVersionDetectionAndRetryAsync(HttpRequestMessage request, Boolean async, Boolean doRequestAuth, CancellationToken cancellationToken)
   at System.Net.Http.RedirectHandler.SendAsync(HttpRequestMessage request, Boolean async, CancellationToken cancellationToken)
   at System.Net.Http.HttpClient.<SendAsync>g__Core|83_0(HttpRequestMessage request, HttpCompletionOption completionOption, CancellationTokenSource cts, Boolean disposeCts, CancellationTokenSource pendingRequestsCts, CancellationToken originalCancellationToken)
   --- End of inner exception stack trace ---
   --- End of inner exception stack trace ---
   at System.Net.Http.HttpClient.HandleFailure(Exception e, Boolean telemetryStarted, HttpResponseMessage response, CancellationTokenSource cts, CancellationToken cancellationToken, CancellationTokenSource pendingRequestsCts)
   at System.Net.Http.HttpClient.<SendAsync>g__Core|83_0(HttpRequestMessage request, HttpCompletionOption completionOption, CancellationTokenSource cts, Boolean disposeCts, CancellationTokenSource pendingRequestsCts, CancellationToken originalCancellationToken)
   at TShockAPI.UpdateManager.ServerIsOutOfDateAsync() in /home/runner/work/TShock/TShock/TShockAPI/UpdateManager.cs:line 133
   at TShockAPI.UpdateManager.UpdateCheckAsync(Object o) in /home/runner/work/TShock/TShock/TShockAPI/UpdateManager.cs:line 104
   at TShockAPI.UpdateManager.CheckForUpdatesAsync(Object state) in /home/runner/work/TShock/TShock/TShockAPI/UpdateManager.cs:line 90
2023-11-22 09:09:18 - <CheckForUpdatesAsync>d__4: ERROR: Retrying in 5 minutes.
2023-11-22 09:40:30 - SaveManager: INFO: Broadcast: Saving world...
2023-11-22 09:40:34 - StartHelper: INFO: Broadcast: World saved.
2023-11-22 09:40:34 - StartHelper: INFO: World saved at (tshock/backups/main.wld.2023-11-22T02.40.30Z.bak)
2023-11-22 09:40:34 - BackupManager: INFO: World backed up (tshock/backups/main.wld.2023-11-22T02.40.30Z.bak).
2023-11-22 09:40:39 - HandlerCollection`1: INFO: ooo (104.28.247.135) from 'guest' group joined. (1/8)
2023-11-22 09:40:39 - TShock: INFO: Broadcast: ooo has joined.
2023-11-22 09:41:24 - Commands: INFO: ooo executed (args omitted): /login.
2023-11-22 09:41:24 - Command: INFO: ooo authenticated successfully as user: Yasa.
2023-11-22 09:43:38 - HandlerCollection`1: INFO: Broadcast: Saving world...
2023-11-22 09:44:23 - <CheckForUpdatesAsync>d__4: WARNING: UpdateManager warning: System.Threading.Tasks.TaskCanceledException: The request was canceled due to the configured HttpClient.Timeout of 5 seconds elapsing.
 ---> System.TimeoutException: A task was canceled.
 ---> System.Threading.Tasks.TaskCanceledException: A task was canceled.
   at System.Threading.Tasks.TaskCompletionSourceWithCancellation`1.WaitWithCancellationAsync(CancellationToken cancellationToken)
   at System.Net.Http.HttpConnectionPool.GetHttp11ConnectionAsync(HttpRequestMessage request, Boolean async, CancellationToken cancellationToken)
   at System.Net.Http.HttpConnectionPool.SendWithVersionDetectionAndRetryAsync(HttpRequestMessage request, Boolean async, Boolean doRequestAuth, CancellationToken cancellationToken)
   at System.Net.Http.RedirectHandler.SendAsync(HttpRequestMessage request, Boolean async, CancellationToken cancellationToken)
   at System.Net.Http.HttpClient.<SendAsync>g__Core|83_0(HttpRequestMessage request, HttpCompletionOption completionOption, CancellationTokenSource cts, Boolean disposeCts, CancellationTokenSource pendingRequestsCts, CancellationToken originalCancellationToken)
   --- End of inner exception stack trace ---
   --- End of inner exception stack trace ---
   at System.Net.Http.HttpClient.HandleFailure(Exception e, Boolean telemetryStarted, HttpResponseMessage response, CancellationTokenSource cts, CancellationToken cancellationToken, CancellationTokenSource pendingRequestsCts)
   at System.Net.Http.HttpClient.<SendAsync>g__Core|83_0(HttpRequestMessage request, HttpCompletionOption completionOption, CancellationTokenSource cts, Boolean disposeCts, CancellationTokenSource pendingRequestsCts, CancellationToken originalCancellationToken)
   at TShockAPI.UpdateManager.ServerIsOutOfDateAsync() in /home/runner/work/TShock/TShock/TShockAPI/UpdateManager.cs:line 133
   at TShockAPI.UpdateManager.UpdateCheckAsync(Object o) in /home/runner/work/TShock/TShock/TShockAPI/UpdateManager.cs:line 104
   at TShockAPI.UpdateManager.CheckForUpdatesAsync(Object state) in /home/runner/work/TShock/TShock/TShockAPI/UpdateManager.cs:line 90
2023-11-22 09:44:23 - <CheckForUpdatesAsync>d__4: ERROR: Retrying in 5 minutes.
2023-11-22 09:48:48 - HandlerCollection`1: INFO: Broadcast: ooo has left.
2023-11-22 09:48:48 - HandlerCollection`1: INFO: ooo disconnected.
2023-11-22 09:48:48 - HandlerCollection`1: INFO: Broadcast: Saving world...
2023-11-22 09:48:49 - StartHelper: INFO: Broadcast: World saved.
2023-11-22 09:48:49 - StartHelper: INFO: World saved at (/root/.local/share/Terraria/Worlds/main.wld)
2023-11-22 10:19:29 - <CheckForUpdatesAsync>d__4: WARNING: UpdateManager warning: System.Threading.Tasks.TaskCanceledException: The request was canceled due to the configured HttpClient.Timeout of 5 seconds elapsing.
 ---> System.TimeoutException: A task was canceled.
 ---> System.Threading.Tasks.TaskCanceledException: A task was canceled.
   at System.Threading.Tasks.TaskCompletionSourceWithCancellation`1.WaitWithCancellationAsync(CancellationToken cancellationToken)
   at System.Net.Http.HttpConnectionPool.GetHttp11ConnectionAsync(HttpRequestMessage request, Boolean async, CancellationToken cancellationToken)
   at System.Net.Http.HttpConnectionPool.SendWithVersionDetectionAndRetryAsync(HttpRequestMessage request, Boolean async, Boolean doRequestAuth, CancellationToken cancellationToken)
   at System.Net.Http.RedirectHandler.SendAsync(HttpRequestMessage request, Boolean async, CancellationToken cancellationToken)
   at System.Net.Http.HttpClient.<SendAsync>g__Core|83_0(HttpRequestMessage request, HttpCompletionOption completionOption, CancellationTokenSource cts, Boolean disposeCts, CancellationTokenSource pendingRequestsCts, CancellationToken originalCancellationToken)
   --- End of inner exception stack trace ---
   --- End of inner exception stack trace ---
   at System.Net.Http.HttpClient.HandleFailure(Exception e, Boolean telemetryStarted, HttpResponseMessage response, CancellationTokenSource cts, CancellationToken cancellationToken, CancellationTokenSource pendingRequestsCts)
   at System.Net.Http.HttpClient.<SendAsync>g__Core|83_0(HttpRequestMessage request, HttpCompletionOption completionOption, CancellationTokenSource cts, Boolean disposeCts, CancellationTokenSource pendingRequestsCts, CancellationToken originalCancellationToken)
   at TShockAPI.UpdateManager.ServerIsOutOfDateAsync() in /home/runner/work/TShock/TShock/TShockAPI/UpdateManager.cs:line 133
   at TShockAPI.UpdateManager.UpdateCheckAsync(Object o) in /home/runner/work/TShock/TShock/TShockAPI/UpdateManager.cs:line 104
   at TShockAPI.UpdateManager.CheckForUpdatesAsync(Object state) in /home/runner/work/TShock/TShock/TShockAPI/UpdateManager.cs:line 90
2023-11-22 10:19:29 - <CheckForUpdatesAsync>d__4: ERROR: Retrying in 5 minutes.
2023-11-22 10:24:34 - <CheckForUpdatesAsync>d__4: WARNING: UpdateManager warning: System.Threading.Tasks.TaskCanceledException: The request was canceled due to the configured HttpClient.Timeout of 5 seconds elapsing.
 ---> System.TimeoutException: A task was canceled.
 ---> System.Threading.Tasks.TaskCanceledException: A task was canceled.
   at System.Threading.Tasks.TaskCompletionSourceWithCancellation`1.WaitWithCancellationAsync(CancellationToken cancellationToken)
   at System.Net.Http.HttpConnectionPool.GetHttp11ConnectionAsync(HttpRequestMessage request, Boolean async, CancellationToken cancellationToken)
   at System.Net.Http.HttpConnectionPool.SendWithVersionDetectionAndRetryAsync(HttpRequestMessage request, Boolean async, Boolean doRequestAuth, CancellationToken cancellationToken)
   at System.Net.Http.RedirectHandler.SendAsync(HttpRequestMessage request, Boolean async, CancellationToken cancellationToken)
   at System.Net.Http.HttpClient.<SendAsync>g__Core|83_0(HttpRequestMessage request, HttpCompletionOption completionOption, CancellationTokenSource cts, Boolean disposeCts, CancellationTokenSource pendingRequestsCts, CancellationToken originalCancellationToken)
   --- End of inner exception stack trace ---
   --- End of inner exception stack trace ---
   at System.Net.Http.HttpClient.HandleFailure(Exception e, Boolean telemetryStarted, HttpResponseMessage response, CancellationTokenSource cts, CancellationToken cancellationToken, CancellationTokenSource pendingRequestsCts)
   at System.Net.Http.HttpClient.<SendAsync>g__Core|83_0(HttpRequestMessage request, HttpCompletionOption completionOption, CancellationTokenSource cts, Boolean disposeCts, CancellationTokenSource pendingRequestsCts, CancellationToken originalCancellationToken)
   at TShockAPI.UpdateManager.ServerIsOutOfDateAsync() in /home/runner/work/TShock/TShock/TShockAPI/UpdateManager.cs:line 133
   at TShockAPI.UpdateManager.UpdateCheckAsync(Object o) in /home/runner/work/TShock/TShock/TShockAPI/UpdateManager.cs:line 104
   at TShockAPI.UpdateManager.CheckForUpdatesAsync(Object state) in /home/runner/work/TShock/TShock/TShockAPI/UpdateManager.cs:line 90
2023-11-22 10:24:34 - <CheckForUpdatesAsync>d__4: ERROR: Retrying in 5 minutes.
2023-11-22 11:30:43 - HandlerCollection`1: INFO: Broadcast: Saving world...
2023-11-22 11:30:46 - StartHelper: INFO: Broadcast: World saved.
2023-11-22 11:30:46 - StartHelper: INFO: World saved at (tshock/backups/main.wld.2023-11-22T04.30.43Z.bak)
2023-11-22 11:30:46 - BackupManager: INFO: World backed up (tshock/backups/main.wld.2023-11-22T04.30.43Z.bak).
2023-11-22 11:30:50 - HandlerCollection`1: INFO: ooo (182.1.99.165) from 'guest' group joined. (1/8)
2023-11-22 11:30:50 - TShock: INFO: Broadcast: ooo has joined.
2023-11-22 11:31:00 - Commands: INFO: ooo executed (args omitted): /login.
2023-11-22 11:31:00 - Command: INFO: ooo authenticated successfully as user: Yasa.
2023-11-22 11:35:23 - HandlerCollection`1: INFO: Broadcast: ooo has left.
2023-11-22 11:35:23 - HandlerCollection`1: INFO: ooo disconnected.
2023-11-22 11:35:23 - HandlerCollection`1: INFO: Broadcast: Saving world...
2023-11-22 11:35:25 - StartHelper: INFO: Broadcast: World saved.
2023-11-22 11:35:25 - StartHelper: INFO: World saved at (/root/.local/share/Terraria/Worlds/main.wld)
2023-11-22 12:38:50 - HandlerCollection`1: INFO: Broadcast: Saving world...
2023-11-22 12:38:50 - HandlerCollection`1: INFO: 777 disconnected.
2023-11-22 12:38:52 - StartHelper: INFO: Broadcast: World saved.
2023-11-22 12:38:52 - StartHelper: INFO: World saved at (tshock/backups/main.wld.2023-11-22T05.38.50Z.bak)
2023-11-22 12:38:52 - BackupManager: INFO: World backed up (tshock/backups/main.wld.2023-11-22T05.38.50Z.bak).
2023-11-22 14:53:12 - HandlerCollection`1: INFO: Broadcast: Saving world...
2023-11-22 14:53:15 - StartHelper: INFO: Broadcast: World saved.
2023-11-22 14:53:15 - StartHelper: INFO: World saved at (tshock/backups/main.wld.2023-11-22T07.53.12Z.bak)
2023-11-22 14:53:15 - BackupManager: INFO: World backed up (tshock/backups/main.wld.2023-11-22T07.53.12Z.bak).
2023-11-23 10:29:22 - HandlerCollection`1: INFO: Broadcast: Saving world...
2023-11-23 10:29:22 - HandlerCollection`1: INFO: 777 disconnected.
2023-11-23 10:29:24 - StartHelper: INFO: Broadcast: World saved.
2023-11-23 10:29:24 - StartHelper: INFO: World saved at (tshock/backups/main.wld.2023-11-23T03.29.22Z.bak)
2023-11-23 10:29:24 - BackupManager: INFO: World backed up (tshock/backups/main.wld.2023-11-23T03.29.22Z.bak).
2023-11-23 10:29:33 - HandlerCollection`1: INFO: Broadcast: Saving world...
2023-11-23 10:29:34 - HandlerCollection`1: INFO: SuperAdmin (103.24.56.38) from 'guest' group joined. (1/8)
2023-11-23 10:29:34 - TShock: INFO: Broadcast: SuperAdmin has joined.
2023-11-23 10:29:49 - Commands: INFO: SuperAdmin executed (args omitted): /login.
2023-11-23 10:29:50 - Command: INFO: SuperAdmin authenticated successfully as user: Yasa.
2023-11-23 10:30:24 - <CheckForUpdatesAsync>d__4: WARNING: UpdateManager warning: System.Threading.Tasks.TaskCanceledException: The request was canceled due to the configured HttpClient.Timeout of 5 seconds elapsing.
 ---> System.TimeoutException: A task was canceled.
 ---> System.Threading.Tasks.TaskCanceledException: A task was canceled.
   at System.Threading.Tasks.TaskCompletionSourceWithCancellation`1.WaitWithCancellationAsync(CancellationToken cancellationToken)
   at System.Net.Http.HttpConnectionPool.GetHttp11ConnectionAsync(HttpRequestMessage request, Boolean async, CancellationToken cancellationToken)
   at System.Net.Http.HttpConnectionPool.SendWithVersionDetectionAndRetryAsync(HttpRequestMessage request, Boolean async, Boolean doRequestAuth, CancellationToken cancellationToken)
   at System.Net.Http.RedirectHandler.SendAsync(HttpRequestMessage request, Boolean async, CancellationToken cancellationToken)
   at System.Net.Http.HttpClient.<SendAsync>g__Core|83_0(HttpRequestMessage request, HttpCompletionOption completionOption, CancellationTokenSource cts, Boolean disposeCts, CancellationTokenSource pendingRequestsCts, CancellationToken originalCancellationToken)
   --- End of inner exception stack trace ---
   --- End of inner exception stack trace ---
   at System.Net.Http.HttpClient.HandleFailure(Exception e, Boolean telemetryStarted, HttpResponseMessage response, CancellationTokenSource cts, CancellationToken cancellationToken, CancellationTokenSource pendingRequestsCts)
   at System.Net.Http.HttpClient.<SendAsync>g__Core|83_0(HttpRequestMessage request, HttpCompletionOption completionOption, CancellationTokenSource cts, Boolean disposeCts, CancellationTokenSource pendingRequestsCts, CancellationToken originalCancellationToken)
   at TShockAPI.UpdateManager.ServerIsOutOfDateAsync() in /home/runner/work/TShock/TShock/TShockAPI/UpdateManager.cs:line 133
   at TShockAPI.UpdateManager.UpdateCheckAsync(Object o) in /home/runner/work/TShock/TShock/TShockAPI/UpdateManager.cs:line 104
   at TShockAPI.UpdateManager.CheckForUpdatesAsync(Object state) in /home/runner/work/TShock/TShock/TShockAPI/UpdateManager.cs:line 90
2023-11-23 10:30:24 - <CheckForUpdatesAsync>d__4: ERROR: Retrying in 5 minutes.
2023-11-23 10:33:14 - HandlerCollection`1: INFO: Broadcast: SuperAdmin has left.
2023-11-23 10:33:14 - HandlerCollection`1: INFO: SuperAdmin disconnected.
2023-11-23 10:33:14 - HandlerCollection`1: INFO: Broadcast: Saving world...
2023-11-23 10:33:16 - StartHelper: INFO: Broadcast: World saved.
2023-11-23 10:33:16 - StartHelper: INFO: World saved at (/root/.local/share/Terraria/Worlds/main.wld)
2023-11-23 10:34:11 - HandlerCollection`1: INFO: SuperAdmin disconnected.
2023-11-23 10:34:11 - GetDataHandlers: INFO: Kicked SuperAdmin for : 'Invalid server password.'
2023-11-23 10:34:17 - GetDataHandlers: INFO: Yasa authenticated successfully as user Yasa.
2023-11-23 10:34:19 - HandlerCollection`1: INFO: Yasa (103.24.56.38) from 'default' group joined. (1/8)
2023-11-23 10:34:19 - TShock: INFO: Broadcast: Yasa has joined.
2023-11-23 10:39:22 - HandlerCollection`1: INFO: Broadcast: Saving world...
2023-11-23 10:39:24 - StartHelper: INFO: Broadcast: World saved.
2023-11-23 10:39:24 - StartHelper: INFO: World saved at (tshock/backups/main.wld.2023-11-23T03.39.22Z.bak)
2023-11-23 10:39:24 - BackupManager: INFO: World backed up (tshock/backups/main.wld.2023-11-23T03.39.22Z.bak).
2023-11-23 10:40:32 - HandlerCollection`1: INFO: Broadcast: Saving world...
2023-11-23 10:41:40 - HandlerCollection`1: INFO: Broadcast: Yasa has left.
2023-11-23 10:41:40 - HandlerCollection`1: INFO: Yasa disconnected.
2023-11-23 10:41:40 - HandlerCollection`1: INFO: Broadcast: Saving world...
2023-11-23 10:41:42 - StartHelper: INFO: Broadcast: World saved.
2023-11-23 10:41:42 - StartHelper: INFO: World saved at (/root/.local/share/Terraria/Worlds/main.wld)
2023-11-23 14:27:52 - HandlerCollection`1: INFO: Broadcast: Saving world...
2023-11-23 14:27:56 - StartHelper: INFO: Broadcast: World saved.
2023-11-23 14:27:56 - StartHelper: INFO: World saved at (tshock/backups/main.wld.2023-11-23T07.27.52Z.bak)
2023-11-23 14:27:56 - BackupManager: INFO: World backed up (tshock/backups/main.wld.2023-11-23T07.27.52Z.bak).
2023-11-23 16:04:09 - Commands: INFO: Server executed: /help.
2023-11-23 16:04:23 - Commands: INFO: Server executed: /help 2.
2023-11-23 16:04:38 - Commands: INFO: Server executed: /help 3.
2023-11-23 16:05:04 - Commands: INFO: Server executed: /say test.
2023-11-23 16:05:04 - Command: INFO: Broadcast: (Server Broadcast) test
2023-11-23 18:40:07 - HandlerCollection`1: INFO: Broadcast: Saving world...
2023-11-23 18:40:07 - GetDataHandlers: INFO: Hori authenticated successfully as user Hori.
2023-11-23 18:40:07 - HandlerCollection`1: INFO: Hori (36.78.121.157) from 'default' group joined. (1/8)
2023-11-23 18:40:07 - TShock: INFO: Broadcast: Hori has joined.
2023-11-23 18:40:10 - StartHelper: INFO: Broadcast: World saved.
2023-11-23 18:40:10 - StartHelper: INFO: World saved at (tshock/backups/main.wld.2023-11-23T11.40.07Z.bak)
2023-11-23 18:40:10 - BackupManager: INFO: World backed up (tshock/backups/main.wld.2023-11-23T11.40.07Z.bak).
2023-11-23 18:45:55 - HandlerCollection`1: INFO: ooo (104.28.245.128) from 'guest' group joined. (2/8)
2023-11-23 18:45:55 - TShock: INFO: Broadcast: ooo has joined.
2023-11-23 18:46:22 - Commands: INFO: ooo executed (args omitted): /login.
2023-11-23 18:46:22 - Command: INFO: ooo authenticated successfully as user: Yasa.
2023-11-23 18:48:51 - HandlerCollection`1: INFO: Broadcast: Saving world...
2023-11-23 18:50:07 - HandlerCollection`1: INFO: Broadcast: Saving world...
2023-11-23 18:50:10 - StartHelper: INFO: Broadcast: World saved.
2023-11-23 18:50:10 - StartHelper: INFO: World saved at (tshock/backups/main.wld.2023-11-23T11.50.07Z.bak)
2023-11-23 18:50:10 - BackupManager: INFO: World backed up (tshock/backups/main.wld.2023-11-23T11.50.07Z.bak).
2023-11-23 18:51:47 - HandlerCollection`1: INFO: Broadcast: ooo has left.
2023-11-23 18:51:47 - HandlerCollection`1: INFO: ooo disconnected.
2023-11-23 18:58:51 - HandlerCollection`1: INFO: Broadcast: Saving world...
2023-11-23 19:00:07 - HandlerCollection`1: INFO: Broadcast: Saving world...
2023-11-23 19:00:09 - StartHelper: INFO: Broadcast: World saved.
2023-11-23 19:00:09 - StartHelper: INFO: World saved at (tshock/backups/main.wld.2023-11-23T12.00.07Z.bak)
2023-11-23 19:00:09 - BackupManager: INFO: World backed up (tshock/backups/main.wld.2023-11-23T12.00.07Z.bak).
2023-11-23 19:02:10 - GetDataHandlers: INFO: Hori summoned the King Slime!
2023-11-23 19:02:23 - HandlerCollection`1: INFO: Broadcast: Hori has left.
2023-11-23 19:02:23 - HandlerCollection`1: INFO: Hori disconnected.
2023-11-23 19:02:23 - HandlerCollection`1: INFO: Broadcast: Saving world...
2023-11-23 19:02:24 - StartHelper: INFO: Broadcast: World saved.
2023-11-23 19:02:24 - StartHelper: INFO: World saved at (/root/.local/share/Terraria/Worlds/main.wld)
2023-11-23 19:52:59 - HandlerCollection`1: INFO: Broadcast: Saving world...
2023-11-23 19:53:01 - StartHelper: INFO: Broadcast: World saved.
2023-11-23 19:53:01 - StartHelper: INFO: World saved at (tshock/backups/main.wld.2023-11-23T12.52.59Z.bak)
2023-11-23 19:53:01 - BackupManager: INFO: World backed up (tshock/backups/main.wld.2023-11-23T12.52.59Z.bak).
2023-11-23 20:23:55 - HandlerCollection`1: INFO: Broadcast: Saving world...
2023-11-23 20:23:58 - StartHelper: INFO: Broadcast: World saved.
2023-11-23 20:23:58 - StartHelper: INFO: World saved at (tshock/backups/main.wld.2023-11-23T13.23.55Z.bak)
2023-11-23 20:23:58 - BackupManager: INFO: World backed up (tshock/backups/main.wld.2023-11-23T13.23.55Z.bak).
2023-11-23 20:24:03 - HandlerCollection`1: INFO: ooo (104.28.213.127) from 'guest' group joined. (1/8)
2023-11-23 20:24:03 - TShock: INFO: Broadcast: ooo has joined.
2023-11-23 20:26:33 - HandlerCollection`1: INFO: Broadcast: ooo has left.
2023-11-23 20:26:33 - HandlerCollection`1: INFO: ooo disconnected.
2023-11-23 20:26:33 - HandlerCollection`1: INFO: Broadcast: Saving world...
2023-11-23 20:26:35 - StartHelper: INFO: Broadcast: World saved.
2023-11-23 20:26:35 - StartHelper: INFO: World saved at (/root/.local/share/Terraria/Worlds/main.wld)
2023-11-23 20:30:11 - GetDataHandlers: INFO: Yasa authenticated successfully as user Yasa.
2023-11-23 20:30:23 - HandlerCollection`1: INFO: Yasa (123.253.232.242) from 'default' group joined. (1/8)
2023-11-23 20:30:23 - TShock: INFO: Broadcast: Yasa has joined.
2023-11-23 20:33:44 - HandlerCollection`1: INFO: Broadcast: Saving world...
2023-11-23 20:33:55 - HandlerCollection`1: INFO: Broadcast: Saving world...
2023-11-23 20:33:58 - StartHelper: INFO: Broadcast: World saved.
2023-11-23 20:33:58 - StartHelper: INFO: World saved at (tshock/backups/main.wld.2023-11-23T13.33.55Z.bak)
2023-11-23 20:33:58 - BackupManager: INFO: World backed up (tshock/backups/main.wld.2023-11-23T13.33.55Z.bak).
2023-11-23 20:35:03 - HandlerCollection`1: INFO: Broadcast: Yasa has left.
2023-11-23 20:35:03 - HandlerCollection`1: INFO: Yasa disconnected.
2023-11-23 20:35:03 - HandlerCollection`1: INFO: Broadcast: Saving world...
2023-11-23 20:35:05 - StartHelper: INFO: Broadcast: World saved.
2023-11-23 20:35:05 - StartHelper: INFO: World saved at (/root/.local/share/Terraria/Worlds/main.wld)
2023-11-23 20:35:48 - <CheckForUpdatesAsync>d__4: WARNING: UpdateManager warning: System.Threading.Tasks.TaskCanceledException: The request was canceled due to the configured HttpClient.Timeout of 5 seconds elapsing.
 ---> System.TimeoutException: A task was canceled.
 ---> System.Threading.Tasks.TaskCanceledException: A task was canceled.
   at System.Threading.Tasks.TaskCompletionSourceWithCancellation`1.WaitWithCancellationAsync(CancellationToken cancellationToken)
   at System.Net.Http.HttpConnectionPool.GetHttp11ConnectionAsync(HttpRequestMessage request, Boolean async, CancellationToken cancellationToken)
   at System.Net.Http.HttpConnectionPool.SendWithVersionDetectionAndRetryAsync(HttpRequestMessage request, Boolean async, Boolean doRequestAuth, CancellationToken cancellationToken)
   at System.Net.Http.RedirectHandler.SendAsync(HttpRequestMessage request, Boolean async, CancellationToken cancellationToken)
   at System.Net.Http.HttpClient.<SendAsync>g__Core|83_0(HttpRequestMessage request, HttpCompletionOption completionOption, CancellationTokenSource cts, Boolean disposeCts, CancellationTokenSource pendingRequestsCts, CancellationToken originalCancellationToken)
   --- End of inner exception stack trace ---
   --- End of inner exception stack trace ---
   at System.Net.Http.HttpClient.HandleFailure(Exception e, Boolean telemetryStarted, HttpResponseMessage response, CancellationTokenSource cts, CancellationToken cancellationToken, CancellationTokenSource pendingRequestsCts)
   at System.Net.Http.HttpClient.<SendAsync>g__Core|83_0(HttpRequestMessage request, HttpCompletionOption completionOption, CancellationTokenSource cts, Boolean disposeCts, CancellationTokenSource pendingRequestsCts, CancellationToken originalCancellationToken)
   at TShockAPI.UpdateManager.ServerIsOutOfDateAsync() in /home/runner/work/TShock/TShock/TShockAPI/UpdateManager.cs:line 133
   at TShockAPI.UpdateManager.UpdateCheckAsync(Object o) in /home/runner/work/TShock/TShock/TShockAPI/UpdateManager.cs:line 104
   at TShockAPI.UpdateManager.CheckForUpdatesAsync(Object state) in /home/runner/work/TShock/TShock/TShockAPI/UpdateManager.cs:line 90
2023-11-23 20:35:48 - <CheckForUpdatesAsync>d__4: ERROR: Retrying in 5 minutes.
2023-11-24 09:23:06 - HandlerCollection`1: INFO: Broadcast: Saving world...
2023-11-24 09:23:06 - GetDataHandlers: INFO: Yasa authenticated successfully as user Yasa.
2023-11-24 09:23:08 - HandlerCollection`1: INFO: Yasa (103.24.56.38) from 'default' group joined. (1/8)
2023-11-24 09:23:08 - TShock: INFO: Broadcast: Yasa has joined.
2023-11-24 09:23:09 - StartHelper: INFO: Broadcast: World saved.
2023-11-24 09:23:09 - StartHelper: INFO: World saved at (tshock/backups/main.wld.2023-11-24T02.23.06Z.bak)
2023-11-24 09:23:09 - BackupManager: INFO: World backed up (tshock/backups/main.wld.2023-11-24T02.23.06Z.bak).
2023-11-24 09:26:44 - HandlerCollection`1: INFO: Broadcast: Yasa has left.
2023-11-24 09:26:44 - HandlerCollection`1: INFO: Yasa disconnected.
2023-11-24 09:26:44 - HandlerCollection`1: INFO: Broadcast: Saving world...
2023-11-24 09:26:46 - StartHelper: INFO: Broadcast: World saved.
2023-11-24 09:26:46 - StartHelper: INFO: World saved at (/root/.local/share/Terraria/Worlds/main.wld)
2023-11-24 09:41:17 - <CheckForUpdatesAsync>d__4: WARNING: UpdateManager warning: System.Threading.Tasks.TaskCanceledException: The request was canceled due to the configured HttpClient.Timeout of 5 seconds elapsing.
 ---> System.TimeoutException: A task was canceled.
 ---> System.Threading.Tasks.TaskCanceledException: A task was canceled.
   at System.Threading.Tasks.TaskCompletionSourceWithCancellation`1.WaitWithCancellationAsync(CancellationToken cancellationToken)
   at System.Net.Http.HttpConnectionPool.GetHttp11ConnectionAsync(HttpRequestMessage request, Boolean async, CancellationToken cancellationToken)
   at System.Net.Http.HttpConnectionPool.SendWithVersionDetectionAndRetryAsync(HttpRequestMessage request, Boolean async, Boolean doRequestAuth, CancellationToken cancellationToken)
   at System.Net.Http.RedirectHandler.SendAsync(HttpRequestMessage request, Boolean async, CancellationToken cancellationToken)
   at System.Net.Http.HttpClient.<SendAsync>g__Core|83_0(HttpRequestMessage request, HttpCompletionOption completionOption, CancellationTokenSource cts, Boolean disposeCts, CancellationTokenSource pendingRequestsCts, CancellationToken originalCancellationToken)
   --- End of inner exception stack trace ---
   --- End of inner exception stack trace ---
   at System.Net.Http.HttpClient.HandleFailure(Exception e, Boolean telemetryStarted, HttpResponseMessage response, CancellationTokenSource cts, CancellationToken cancellationToken, CancellationTokenSource pendingRequestsCts)
   at System.Net.Http.HttpClient.<SendAsync>g__Core|83_0(HttpRequestMessage request, HttpCompletionOption completionOption, CancellationTokenSource cts, Boolean disposeCts, CancellationTokenSource pendingRequestsCts, CancellationToken originalCancellationToken)
   at TShockAPI.UpdateManager.ServerIsOutOfDateAsync() in /home/runner/work/TShock/TShock/TShockAPI/UpdateManager.cs:line 133
   at TShockAPI.UpdateManager.UpdateCheckAsync(Object o) in /home/runner/work/TShock/TShock/TShockAPI/UpdateManager.cs:line 104
   at TShockAPI.UpdateManager.CheckForUpdatesAsync(Object state) in /home/runner/work/TShock/TShock/TShockAPI/UpdateManager.cs:line 90
2023-11-24 09:41:17 - <CheckForUpdatesAsync>d__4: ERROR: Retrying in 5 minutes.
2023-11-24 10:18:07 - HandlerCollection`1: INFO: Broadcast: Saving world...
2023-11-24 10:18:07 - GetDataHandlers: INFO: Hori authenticated successfully as user Hori.
2023-11-24 10:18:07 - HandlerCollection`1: INFO: Hori (103.24.56.38) from 'default' group joined. (1/8)
2023-11-24 10:18:07 - TShock: INFO: Broadcast: Hori has joined.
2023-11-24 10:18:11 - StartHelper: INFO: Broadcast: World saved.
2023-11-24 10:18:11 - StartHelper: INFO: World saved at (tshock/backups/main.wld.2023-11-24T03.18.07Z.bak)
2023-11-24 10:18:11 - BackupManager: INFO: World backed up (tshock/backups/main.wld.2023-11-24T03.18.07Z.bak).
2023-11-24 10:23:06 - HandlerCollection`1: INFO: Broadcast: Saving world...
2023-11-24 10:28:07 - HandlerCollection`1: INFO: Broadcast: Saving world...
2023-11-24 10:28:10 - StartHelper: INFO: Broadcast: World saved.
2023-11-24 10:28:10 - StartHelper: INFO: World saved at (tshock/backups/main.wld.2023-11-24T03.28.07Z.bak)
2023-11-24 10:28:10 - BackupManager: INFO: World backed up (tshock/backups/main.wld.2023-11-24T03.28.07Z.bak).
2023-11-24 10:32:55 - GetDataHandlers: INFO: Yasa authenticated successfully as user Yasa.
2023-11-24 10:32:57 - HandlerCollection`1: INFO: Yasa (103.24.56.38) from 'default' group joined. (2/8)
2023-11-24 10:32:57 - TShock: INFO: Broadcast: Yasa has joined.
2023-11-24 10:33:06 - HandlerCollection`1: INFO: Broadcast: Saving world...
2023-11-24 10:36:10 - HandlerCollection`1: INFO: Broadcast: Yasa has left.
2023-11-24 10:36:10 - HandlerCollection`1: INFO: Yasa disconnected.
2023-11-24 10:38:07 - HandlerCollection`1: INFO: Broadcast: Saving world...
2023-11-24 10:38:10 - StartHelper: INFO: Broadcast: World saved.
2023-11-24 10:38:10 - StartHelper: INFO: World saved at (tshock/backups/main.wld.2023-11-24T03.38.07Z.bak)
2023-11-24 10:38:10 - BackupManager: INFO: World backed up (tshock/backups/main.wld.2023-11-24T03.38.07Z.bak).
2023-11-24 10:43:06 - HandlerCollection`1: INFO: Broadcast: Saving world...
2023-11-24 10:44:01 - HandlerCollection`1: INFO: Broadcast: Hori has left.
2023-11-24 10:44:01 - HandlerCollection`1: INFO: Hori disconnected.
2023-11-24 10:44:02 - HandlerCollection`1: INFO: Broadcast: Saving world...
2023-11-24 10:44:03 - StartHelper: INFO: Broadcast: World saved.
2023-11-24 10:44:03 - StartHelper: INFO: World saved at (/root/.local/share/Terraria/Worlds/main.wld)
2023-11-24 10:44:12 - GetDataHandlers: INFO: Hori authenticated successfully as user Hori.
2023-11-24 10:44:12 - HandlerCollection`1: INFO: Hori (103.24.56.38) from 'default' group joined. (1/8)
2023-11-24 10:44:12 - TShock: INFO: Broadcast: Hori has joined.
2023-11-24 10:48:07 - HandlerCollection`1: INFO: Broadcast: Saving world...
2023-11-24 10:48:10 - StartHelper: INFO: Broadcast: World saved.
2023-11-24 10:48:10 - StartHelper: INFO: World saved at (tshock/backups/main.wld.2023-11-24T03.48.07Z.bak)
2023-11-24 10:48:10 - BackupManager: INFO: World backed up (tshock/backups/main.wld.2023-11-24T03.48.07Z.bak).
2023-11-24 10:52:51 - GetDataHandlers: INFO: Yasa authenticated successfully as user Yasa.
2023-11-24 10:52:52 - HandlerCollection`1: INFO: Yasa (103.24.56.38) from 'default' group joined. (2/8)
2023-11-24 10:52:52 - TShock: INFO: Broadcast: Yasa has joined.
2023-11-24 10:53:04 - Commands: INFO: Yasa executed (args omitted): /login.
2023-11-24 10:53:16 - HandlerCollection`1: INFO: Broadcast: Saving world...
2023-11-24 10:58:07 - HandlerCollection`1: INFO: Broadcast: Saving world...
2023-11-24 10:58:09 - StartHelper: INFO: Broadcast: World saved.
2023-11-24 10:58:09 - StartHelper: INFO: World saved at (tshock/backups/main.wld.2023-11-24T03.58.07Z.bak)
2023-11-24 10:58:09 - BackupManager: INFO: World backed up (tshock/backups/main.wld.2023-11-24T03.58.07Z.bak).
2023-11-24 10:58:51 - HandlerCollection`1: INFO: Broadcast: Yasa has left.
2023-11-24 10:58:51 - HandlerCollection`1: INFO: Yasa disconnected.
2023-11-24 11:03:16 - HandlerCollection`1: INFO: Broadcast: Saving world...
2023-11-24 11:08:07 - HandlerCollection`1: INFO: Broadcast: Saving world...
2023-11-24 11:08:09 - StartHelper: INFO: Broadcast: World saved.
2023-11-24 11:08:09 - StartHelper: INFO: World saved at (tshock/backups/main.wld.2023-11-24T04.08.07Z.bak)
2023-11-24 11:08:09 - BackupManager: INFO: World backed up (tshock/backups/main.wld.2023-11-24T04.08.07Z.bak).
2023-11-24 11:10:39 - HandlerCollection`1: INFO: Broadcast: Hori has left.
2023-11-24 11:10:39 - HandlerCollection`1: INFO: Hori disconnected.
2023-11-24 11:10:39 - HandlerCollection`1: INFO: Broadcast: Saving world...
2023-11-24 11:10:41 - StartHelper: INFO: Broadcast: World saved.
2023-11-24 11:10:41 - StartHelper: INFO: World saved at (/root/.local/share/Terraria/Worlds/main.wld)
2023-11-24 11:11:09 - GetDataHandlers: INFO: Hori authenticated successfully as user Hori.
2023-11-24 11:11:17 - HandlerCollection`1: INFO: Hori (103.24.56.38) from 'default' group joined. (1/8)
2023-11-24 11:11:17 - TShock: INFO: Broadcast: Hori has joined.
2023-11-24 11:13:43 - HandlerCollection`1: INFO: Broadcast: Saving world...
2023-11-24 11:13:48 - HandlerCollection`1: INFO: Broadcast: Hori has left.
2023-11-24 11:13:48 - HandlerCollection`1: INFO: Hori disconnected.
2023-11-24 11:13:48 - HandlerCollection`1: INFO: Broadcast: Saving world...
2023-11-24 11:13:50 - StartHelper: INFO: Broadcast: World saved.
2023-11-24 11:13:50 - StartHelper: INFO: World saved at (/root/.local/share/Terraria/Worlds/main.wld)
2023-11-24 11:14:15 - GetDataHandlers: INFO: Yasa authenticated successfully as user Yasa.
2023-11-24 11:14:16 - HandlerCollection`1: INFO: Yasa (103.24.56.38) from 'default' group joined. (1/8)
2023-11-24 11:14:16 - TShock: INFO: Broadcast: Yasa has joined.
2023-11-24 11:16:25 - <CheckForUpdatesAsync>d__4: WARNING: UpdateManager warning: System.Threading.Tasks.TaskCanceledException: The request was canceled due to the configured HttpClient.Timeout of 5 seconds elapsing.
 ---> System.TimeoutException: A task was canceled.
 ---> System.Threading.Tasks.TaskCanceledException: A task was canceled.
   at System.Threading.Tasks.TaskCompletionSourceWithCancellation`1.WaitWithCancellationAsync(CancellationToken cancellationToken)
   at System.Net.Http.HttpConnectionPool.GetHttp11ConnectionAsync(HttpRequestMessage request, Boolean async, CancellationToken cancellationToken)
   at System.Net.Http.HttpConnectionPool.SendWithVersionDetectionAndRetryAsync(HttpRequestMessage request, Boolean async, Boolean doRequestAuth, CancellationToken cancellationToken)
   at System.Net.Http.RedirectHandler.SendAsync(HttpRequestMessage request, Boolean async, CancellationToken cancellationToken)
   at System.Net.Http.HttpClient.<SendAsync>g__Core|83_0(HttpRequestMessage request, HttpCompletionOption completionOption, CancellationTokenSource cts, Boolean disposeCts, CancellationTokenSource pendingRequestsCts, CancellationToken originalCancellationToken)
   --- End of inner exception stack trace ---
   --- End of inner exception stack trace ---
   at System.Net.Http.HttpClient.HandleFailure(Exception e, Boolean telemetryStarted, HttpResponseMessage response, CancellationTokenSource cts, CancellationToken cancellationToken, CancellationTokenSource pendingRequestsCts)
   at System.Net.Http.HttpClient.<SendAsync>g__Core|83_0(HttpRequestMessage request, HttpCompletionOption completionOption, CancellationTokenSource cts, Boolean disposeCts, CancellationTokenSource pendingRequestsCts, CancellationToken originalCancellationToken)
   at TShockAPI.UpdateManager.ServerIsOutOfDateAsync() in /home/runner/work/TShock/TShock/TShockAPI/UpdateManager.cs:line 133
   at TShockAPI.UpdateManager.UpdateCheckAsync(Object o) in /home/runner/work/TShock/TShock/TShockAPI/UpdateManager.cs:line 104
   at TShockAPI.UpdateManager.CheckForUpdatesAsync(Object state) in /home/runner/work/TShock/TShock/TShockAPI/UpdateManager.cs:line 90
2023-11-24 11:16:25 - <CheckForUpdatesAsync>d__4: ERROR: Retrying in 5 minutes.
2023-11-24 11:18:07 - HandlerCollection`1: INFO: Broadcast: Saving world...
2023-11-24 11:18:09 - StartHelper: INFO: Broadcast: World saved.
2023-11-24 11:18:09 - StartHelper: INFO: World saved at (tshock/backups/main.wld.2023-11-24T04.18.07Z.bak)
2023-11-24 11:18:09 - BackupManager: INFO: World backed up (tshock/backups/main.wld.2023-11-24T04.18.07Z.bak).
2023-11-24 11:18:30 - HandlerCollection`1: INFO: Broadcast: Yasa has left.
2023-11-24 11:18:30 - HandlerCollection`1: INFO: Yasa disconnected.
2023-11-24 11:18:30 - HandlerCollection`1: INFO: Broadcast: Saving world...
2023-11-24 11:18:33 - StartHelper: INFO: Broadcast: World saved.
2023-11-24 11:18:33 - StartHelper: INFO: World saved at (/root/.local/share/Terraria/Worlds/main.wld)
2023-11-24 11:18:53 - GetDataHandlers: INFO: Yasa authenticated successfully as user Yasa.
2023-11-24 11:18:55 - HandlerCollection`1: INFO: Yasa (103.24.56.38) from 'default' group joined. (1/8)
2023-11-24 11:18:55 - TShock: INFO: Broadcast: Yasa has joined.
2023-11-24 11:21:23 - HandlerCollection`1: INFO: Broadcast: Yasa has left.
2023-11-24 11:21:23 - HandlerCollection`1: INFO: Yasa disconnected.
2023-11-24 11:21:23 - HandlerCollection`1: INFO: Broadcast: Saving world...
2023-11-24 11:21:25 - StartHelper: INFO: Broadcast: World saved.
2023-11-24 11:21:25 - StartHelper: INFO: World saved at (/root/.local/share/Terraria/Worlds/main.wld)
2023-11-24 12:35:59 - HandlerCollection`1: INFO: Broadcast: Saving world...
2023-11-24 12:35:59 - GetDataHandlers: INFO: Yasa authenticated successfully as user Yasa.
2023-11-24 12:36:01 - HandlerCollection`1: INFO: Yasa (182.1.121.142) from 'default' group joined. (1/8)
2023-11-24 12:36:01 - TShock: INFO: Broadcast: Yasa has joined.
2023-11-24 12:36:03 - StartHelper: INFO: Broadcast: World saved.
2023-11-24 12:36:03 - StartHelper: INFO: World saved at (tshock/backups/main.wld.2023-11-24T05.35.59Z.bak)
2023-11-24 12:36:03 - BackupManager: INFO: World backed up (tshock/backups/main.wld.2023-11-24T05.35.59Z.bak).
2023-11-24 12:39:04 - HandlerCollection`1: INFO: Broadcast: Saving world...
2023-11-24 12:40:26 - HandlerCollection`1: INFO: Broadcast: Yasa has left.
2023-11-24 12:40:26 - HandlerCollection`1: INFO: Yasa disconnected.
2023-11-24 12:40:26 - HandlerCollection`1: INFO: Broadcast: Saving world...
2023-11-24 12:40:28 - StartHelper: INFO: Broadcast: World saved.
2023-11-24 12:40:28 - StartHelper: INFO: World saved at (/root/.local/share/Terraria/Worlds/main.wld)
2023-11-24 12:49:40 - HandlerCollection`1: INFO: Broadcast: Saving world...
2023-11-24 12:49:40 - GetDataHandlers: INFO: Yasa authenticated successfully as user Yasa.
2023-11-24 12:49:42 - HandlerCollection`1: INFO: Yasa (182.1.121.142) from 'default' group joined. (1/8)
2023-11-24 12:49:42 - TShock: INFO: Broadcast: Yasa has joined.
2023-11-24 12:49:43 - StartHelper: INFO: Broadcast: World saved.
2023-11-24 12:49:43 - StartHelper: INFO: World saved at (tshock/backups/main.wld.2023-11-24T05.49.40Z.bak)
2023-11-24 12:49:43 - BackupManager: INFO: World backed up (tshock/backups/main.wld.2023-11-24T05.49.40Z.bak).
2023-11-24 12:51:32 - <CheckForUpdatesAsync>d__4: WARNING: UpdateManager warning: System.Threading.Tasks.TaskCanceledException: The request was canceled due to the configured HttpClient.Timeout of 5 seconds elapsing.
 ---> System.TimeoutException: A task was canceled.
 ---> System.Threading.Tasks.TaskCanceledException: A task was canceled.
   at System.Threading.Tasks.TaskCompletionSourceWithCancellation`1.WaitWithCancellationAsync(CancellationToken cancellationToken)
   at System.Net.Http.HttpConnectionPool.GetHttp11ConnectionAsync(HttpRequestMessage request, Boolean async, CancellationToken cancellationToken)
   at System.Net.Http.HttpConnectionPool.SendWithVersionDetectionAndRetryAsync(HttpRequestMessage request, Boolean async, Boolean doRequestAuth, CancellationToken cancellationToken)
   at System.Net.Http.RedirectHandler.SendAsync(HttpRequestMessage request, Boolean async, CancellationToken cancellationToken)
   at System.Net.Http.HttpClient.<SendAsync>g__Core|83_0(HttpRequestMessage request, HttpCompletionOption completionOption, CancellationTokenSource cts, Boolean disposeCts, CancellationTokenSource pendingRequestsCts, CancellationToken originalCancellationToken)
   --- End of inner exception stack trace ---
   --- End of inner exception stack trace ---
   at System.Net.Http.HttpClient.HandleFailure(Exception e, Boolean telemetryStarted, HttpResponseMessage response, CancellationTokenSource cts, CancellationToken cancellationToken, CancellationTokenSource pendingRequestsCts)
   at System.Net.Http.HttpClient.<SendAsync>g__Core|83_0(HttpRequestMessage request, HttpCompletionOption completionOption, CancellationTokenSource cts, Boolean disposeCts, CancellationTokenSource pendingRequestsCts, CancellationToken originalCancellationToken)
   at TShockAPI.UpdateManager.ServerIsOutOfDateAsync() in /home/runner/work/TShock/TShock/TShockAPI/UpdateManager.cs:line 133
   at TShockAPI.UpdateManager.UpdateCheckAsync(Object o) in /home/runner/work/TShock/TShock/TShockAPI/UpdateManager.cs:line 104
   at TShockAPI.UpdateManager.CheckForUpdatesAsync(Object state) in /home/runner/work/TShock/TShock/TShockAPI/UpdateManager.cs:line 90
2023-11-24 12:51:32 - <CheckForUpdatesAsync>d__4: ERROR: Retrying in 5 minutes.
2023-11-24 12:58:18 - HandlerCollection`1: INFO: Broadcast: Saving world...
2023-11-24 12:59:40 - HandlerCollection`1: INFO: Broadcast: Saving world...
2023-11-24 12:59:42 - StartHelper: INFO: Broadcast: World saved.
2023-11-24 12:59:42 - StartHelper: INFO: World saved at (tshock/backups/main.wld.2023-11-24T05.59.40Z.bak)
2023-11-24 12:59:42 - BackupManager: INFO: World backed up (tshock/backups/main.wld.2023-11-24T05.59.40Z.bak).
2023-11-24 13:08:18 - HandlerCollection`1: INFO: Broadcast: Saving world...
2023-11-24 13:09:40 - HandlerCollection`1: INFO: Broadcast: Saving world...
2023-11-24 13:09:43 - StartHelper: INFO: Broadcast: World saved.
2023-11-24 13:09:43 - StartHelper: INFO: World saved at (tshock/backups/main.wld.2023-11-24T06.09.40Z.bak)
2023-11-24 13:09:43 - BackupManager: INFO: World backed up (tshock/backups/main.wld.2023-11-24T06.09.40Z.bak).
2023-11-24 13:12:09 - HandlerCollection`1: INFO: Broadcast: Yasa has left.
2023-11-24 13:12:09 - HandlerCollection`1: INFO: Yasa disconnected.
2023-11-24 13:12:09 - HandlerCollection`1: INFO: Broadcast: Saving world...
2023-11-24 13:12:11 - StartHelper: INFO: Broadcast: World saved.
2023-11-24 13:12:11 - StartHelper: INFO: World saved at (/root/.local/share/Terraria/Worlds/main.wld)
2023-11-24 13:55:32 - HandlerCollection`1: INFO: Broadcast: Saving world...
2023-11-24 13:55:33 - GetDataHandlers: INFO: Yasa authenticated successfully as user Yasa.
2023-11-24 13:55:35 - HandlerCollection`1: INFO: Yasa (182.1.121.142) from 'default' group joined. (1/8)
2023-11-24 13:55:35 - TShock: INFO: Broadcast: Yasa has joined.
2023-11-24 13:55:36 - StartHelper: INFO: Broadcast: World saved.
2023-11-24 13:55:36 - StartHelper: INFO: World saved at (tshock/backups/main.wld.2023-11-24T06.55.32Z.bak)
2023-11-24 13:55:36 - BackupManager: INFO: World backed up (tshock/backups/main.wld.2023-11-24T06.55.32Z.bak).
2023-11-24 13:56:39 - <CheckForUpdatesAsync>d__4: WARNING: UpdateManager warning: System.Threading.Tasks.TaskCanceledException: The request was canceled due to the configured HttpClient.Timeout of 5 seconds elapsing.
 ---> System.TimeoutException: A task was canceled.
 ---> System.Threading.Tasks.TaskCanceledException: A task was canceled.
   at System.Threading.Tasks.TaskCompletionSourceWithCancellation`1.WaitWithCancellationAsync(CancellationToken cancellationToken)
   at System.Net.Http.HttpConnectionPool.GetHttp11ConnectionAsync(HttpRequestMessage request, Boolean async, CancellationToken cancellationToken)
   at System.Net.Http.HttpConnectionPool.SendWithVersionDetectionAndRetryAsync(HttpRequestMessage request, Boolean async, Boolean doRequestAuth, CancellationToken cancellationToken)
   at System.Net.Http.RedirectHandler.SendAsync(HttpRequestMessage request, Boolean async, CancellationToken cancellationToken)
   at System.Net.Http.HttpClient.<SendAsync>g__Core|83_0(HttpRequestMessage request, HttpCompletionOption completionOption, CancellationTokenSource cts, Boolean disposeCts, CancellationTokenSource pendingRequestsCts, CancellationToken originalCancellationToken)
   --- End of inner exception stack trace ---
   --- End of inner exception stack trace ---
   at System.Net.Http.HttpClient.HandleFailure(Exception e, Boolean telemetryStarted, HttpResponseMessage response, CancellationTokenSource cts, CancellationToken cancellationToken, CancellationTokenSource pendingRequestsCts)
   at System.Net.Http.HttpClient.<SendAsync>g__Core|83_0(HttpRequestMessage request, HttpCompletionOption completionOption, CancellationTokenSource cts, Boolean disposeCts, CancellationTokenSource pendingRequestsCts, CancellationToken originalCancellationToken)
   at TShockAPI.UpdateManager.ServerIsOutOfDateAsync() in /home/runner/work/TShock/TShock/TShockAPI/UpdateManager.cs:line 133
   at TShockAPI.UpdateManager.UpdateCheckAsync(Object o) in /home/runner/work/TShock/TShock/TShockAPI/UpdateManager.cs:line 104
   at TShockAPI.UpdateManager.CheckForUpdatesAsync(Object state) in /home/runner/work/TShock/TShock/TShockAPI/UpdateManager.cs:line 90
2023-11-24 13:56:39 - <CheckForUpdatesAsync>d__4: ERROR: Retrying in 5 minutes.
2023-11-24 13:57:52 - HandlerCollection`1: INFO: Broadcast: Yasa has left.
2023-11-24 13:57:52 - HandlerCollection`1: INFO: Yasa disconnected.
2023-11-24 13:57:52 - HandlerCollection`1: INFO: Broadcast: Saving world...
2023-11-24 13:57:54 - StartHelper: INFO: Broadcast: World saved.
2023-11-24 13:57:54 - StartHelper: INFO: World saved at (/root/.local/share/Terraria/Worlds/main.wld)
2023-11-24 15:18:59 - HandlerCollection`1: INFO: Broadcast: Saving world...
2023-11-24 15:19:02 - StartHelper: INFO: Broadcast: World saved.
2023-11-24 15:19:02 - StartHelper: INFO: World saved at (tshock/backups/main.wld.2023-11-24T08.18.59Z.bak)
2023-11-24 15:19:02 - BackupManager: INFO: World backed up (tshock/backups/main.wld.2023-11-24T08.18.59Z.bak).
2023-11-24 16:46:10 - Console: INFO: Shutting down safely. To force shutdown, send SIGINT (CTRL + C) again.
2023-11-24 16:46:10 - HandlerCollection`1: INFO: Broadcast: Saving world...
2023-11-24 16:46:13 - StartHelper: INFO: Broadcast: World saved.
2023-11-24 16:46:13 - StartHelper: INFO: World saved at (/root/.local/share/Terraria/Worlds/main.wld)
2023-11-24 16:46:13 - TShock: INFO: Broadcast: Server console interrupted!
2023-11-24 16:46:13 - HandlerCollection`1: INFO: Broadcast: Saving world...
